VM list initialized (empty). Create VMs using the 'New' button.
Registered ISA plugin: IA-64
[INFO ] VMManager initialized
? Native VMManager DLL loaded successfully!
CreateVM called. Mock mode: False
Native manager handle: 3199914725200
Calling native VMManager_CreateVM with JSON:
{"name":"Virtual Machine 1","cpu":{"isaType":"IA-64","cpuCount":1,"clockFrequency":0,"enableProfiling":true},"memory":{"memorySize":536870912,"enableMMU":true,"pageSize":16384},"boot":{"bootDevice":"disk0","kernelPath":"","initrdPath":"","bootArgs":"","entryPoint":0,"directBoot":false},"storageDevices":[{"deviceId":"disk0","deviceType":"raw","imagePath":"C:\\Users\\DarthguideX\\Desktop\\debian-7.11.0-ia64-netinst.iso","readOnly":true,"sizeBytes":0,"blockSize":2048}],"enableDebugger":true,"enableSnapshots":true}
(JSON length: 516 characters)
JSON saved to: last_vm_config.json
VMManager_CreateVM called
Config JSON: {"name":"Virtual Machine 1","cpu":{"isaType":"IA-64","cpuCount":1,"clockFrequency":0,"enableProfiling":true},"memory":{"memorySize":536870912,"enableMMU":true,"pageSize":16384},"boot":{"bootDevice":"disk0","kernelPath":"","initrdPath":"","bootArgs":"","entryPoint":0,"directBoot":false},"storageDevices":[{"deviceId":"disk0","deviceType":"raw","imagePath":"C:\\Users\\DarthguideX\\Desktop\\debian-7.11.0-ia64-netinst.iso","readOnly":true,"sizeBytes":0,"blockSize":2048}],"enableDebugger":true,"enableSnapshots":true}
Parsing JSON configuration...
? JSON parsed successfully
Validating configuration...
? Configuration valid
Creating VM with name: Virtual Machine 1
[INFO ] Creating VM: Virtual Machine 1 (ID: Virtual Machine 1-000000)
[INFO ] Created CPU 0 with ISA: IA-64 (using plugin)
[INFO ] VirtualMachine created with 536870912 bytes of memory, 1 CPU(s), ISA: IA-64
[INFO ] Creating 1 storage device(s)
[INFO ]   Device ID: disk0
[INFO ]   Type: raw
[INFO ]   Path: C:\Users\DarthguideX\Desktop\debian-7.11.0-ia64-netinst.iso
[INFO ]   Read-only: yes
[INFO ]   Creating RawDiskDevice...
[INFO ]   ? RawDiskDevice created
[INFO ]   Connecting storage device...
[INFO ]   ? Storage device connected successfully
[INFO ] ? All storage devices created successfully
[INFO ] Initializing VirtualMachine...
[INFO ] VirtualMachine initialized successfully
[INFO ] VM created successfully: Virtual Machine 1-000000
? VM created successfully with ID: Virtual Machine 1-000000
? VM created with ID: Virtual Machine 1-000000
OnStartVM: Attempting to start VM Virtual Machine 1-000000
StartVM called for Virtual Machine 1-000000. Mock mode: False
Calling native VMManager_StartVM...
[INFO ] Starting VM: Virtual Machine 1-000000
[INFO ] Loading bootloader from device: disk0
[INFO ] Attempting to parse ISO 9660 filesystem...
[INFO ] Parsing ISO 9660 filesystem...
[INFO ] Found volume descriptor type 1 at sector 16
[INFO ] Primary Volume Descriptor found:
[INFO ]   Volume: Debian 7.11.0 ia64 1
[INFO ]   Block size: 2048
[INFO ]   Volume size: 132174 blocks
[INFO ] Found volume descriptor type 0 at sector 17
[INFO ] El Torito Boot Record found:
[INFO ]   Boot catalog at LBA: 782
[INFO ] Found volume descriptor type 2 at sector 18
[INFO ] Found volume descriptor type 255 at sector 19
[INFO ] ISO 9660 filesystem parsed successfully
[INFO ] ? ISO filesystem parsed successfully
[INFO ] Parsing El Torito boot catalog at LBA 782
[INFO ] Boot catalog hex dump (first 256 bytes):
[INFO ]   [0]: 01 00 00 00 00 00 00 00 00 00 00 00 00 00 00 00 00 00 00 00 00 00 00 00 00 00 00 00 AA 55 55 AA
[INFO ]   [32]: 88 00 00 00 00 00 00 40 0F 03 00 00 00 00 00 00 00 00 00 00 00 00 00 00 00 00 00 00 00 00 00 00
[INFO ]   [64]: 00 00 00 00 00 00 00 00 00 00 00 00 00 00 00 00 00 00 00 00 00 00 00 00 00 00 00 00 00 00 00 00
[INFO ]   [96]: 00 00 00 00 00 00 00 00 00 00 00 00 00 00 00 00 00 00 00 00 00 00 00 00 00 00 00 00 00 00 00 00
[INFO ]   [128]: 00 00 00 00 00 00 00 00 00 00 00 00 00 00 00 00 00 00 00 00 00 00 00 00 00 00 00 00 00 00 00 00
[INFO ]   [160]: 00 00 00 00 00 00 00 00 00 00 00 00 00 00 00 00 00 00 00 00 00 00 00 00 00 00 00 00 00 00 00 00
[INFO ]   [192]: 00 00 00 00 00 00 00 00 00 00 00 00 00 00 00 00 00 00 00 00 00 00 00 00 00 00 00 00 00 00 00 00
[INFO ]   [224]: 00 00 00 00 00 00 00 00 00 00 00 00 00 00 00 00 00 00 00 00 00 00 00 00 00 00 00 00 00 00 00 00
[INFO ] ? Validation entry verified
[INFO ]   Platform ID: 0x0 (x86)
[INFO ] Default boot entry raw bytes:
[INFO ]   [32-47]: 88 00 00 00 00 00 00 40 0F 03 00 00 00 00 00 00
[INFO ]   bootIndicator offset: 32
[INFO ]   bootIndicator value (raw byte): 0x136
[INFO ]   bootIndicator value (struct): 0x136
[INFO ] Default boot entry:
[INFO ]   Boot indicator: 0x136 (Bootable)
[INFO ]   Media type: 0x0
[INFO ]   Load LBA: 783
[INFO ]   Sector count: 16384
[INFO ]   Default entry is not EFI (platform 0x0), scanning for additional entries...
[INFO ] Entry at offset 64: header byte 0x0
[INFO ] End of boot catalog entries
[WARN ] No EFI boot entry found in El Torito boot catalog
[INFO ] Will attempt to find EFI bootloader in filesystem instead
[INFO ] ? El Torito boot catalog found
[WARN ] No EFI boot entry found in El Torito boot catalog
[INFO ] Attempting to find EFI bootloader in ISO filesystem...
[INFO ] Searching for: /EFI/BOOT/BOOTIA64.EFI
[INFO ] Searching for file: /EFI/BOOT/BOOTIA64.EFI
[INFO ]   Looking for: EFI
[INFO ] Read 2048 bytes from LBA 20
[INFO ] Read 2048 bytes from LBA 20
[INFO ] Read 2048 bytes from LBA 20
[INFO ] Read 2048 bytes from LBA 20
[INFO ] Read 2048 bytes from LBA 20
[INFO ] Read 2048 bytes from LBA 20
[INFO ] Read 2048 bytes from LBA 20
[INFO ] Read 2048 bytes from LBA 20
[INFO ] Read 2048 bytes from LBA 20
[INFO ] Read 2048 bytes from LBA 20
[INFO ] Read 2048 bytes from LBA 20
[INFO ] Read 2048 bytes from LBA 20
[INFO ] Read 2048 bytes from LBA 20
[INFO ] Read 2048 bytes from LBA 20
[INFO ] Read 2048 bytes from LBA 20
[INFO ] Read 2048 bytes from LBA 20
[INFO ] Read 2048 bytes from LBA 20
[INFO ] Read 2048 bytes from LBA 20
[INFO ] Read 2048 bytes from LBA 20
[INFO ] Read 2048 bytes from LBA 20
[INFO ] Read 2048 bytes from LBA 20
[INFO ] Read 2048 bytes from LBA 20
[INFO ] Read 2048 bytes from LBA 20
[INFO ] Read 2048 bytes from LBA 20
[INFO ] Read 2048 bytes from LBA 20
[INFO ] Read 2048 bytes from LBA 20
[INFO ] Read 2048 bytes from LBA 20
[INFO ] Read 2048 bytes from LBA 20
[INFO ] Read 2048 bytes from LBA 20
[INFO ] Read 2048 bytes from LBA 20
[INFO ] Read 2048 bytes from LBA 20
[INFO ] Read 2048 bytes from LBA 20
[INFO ] Read 2048 bytes from LBA 20
[INFO ] Read 2048 bytes from LBA 20
[INFO ] Read 2048 bytes from LBA 20
[INFO ] Read 2048 bytes from LBA 20
[INFO ] Read 2048 bytes from LBA 20
[INFO ] Read 2048 bytes from LBA 20
[INFO ] Read 2048 bytes from LBA 20
[INFO ] Read 2048 bytes from LBA 20
[INFO ] Read 2048 bytes from LBA 20
[INFO ] Read 2048 bytes from LBA 20
[INFO ] Read 2048 bytes from LBA 20
[INFO ] Read 2048 bytes from LBA 20
[INFO ] Read 2048 bytes from LBA 20
[INFO ] Read 2048 bytes from LBA 20
[INFO ] Read 2048 bytes from LBA 20
[INFO ] Read 2048 bytes from LBA 20
[INFO ] Read 2048 bytes from LBA 20
[INFO ] Read 2048 bytes from LBA 20
[INFO ] Read 2048 bytes from LBA 20
[INFO ] Read 2048 bytes from LBA 20
[INFO ] Read 2048 bytes from LBA 20
[INFO ] Read 2048 bytes from LBA 20
[INFO ] Read 2048 bytes from LBA 20
[INFO ] Read 2048 bytes from LBA 20
[INFO ] Read 2048 bytes from LBA 20
[INFO ] Read 2048 bytes from LBA 20
[INFO ] Read 2048 bytes from LBA 20
[INFO ] Read 2048 bytes from LBA 20
[INFO ] Read 2048 bytes from LBA 20
[INFO ] Read 2048 bytes from LBA 20
[INFO ] Read 2048 bytes from LBA 20
[INFO ] Read 2048 bytes from LBA 20
[INFO ] Read 2048 bytes from LBA 20
[INFO ] Read 2048 bytes from LBA 20
[INFO ] Read 2048 bytes from LBA 20
[INFO ] Read 2048 bytes from LBA 20
[INFO ] Read 2048 bytes from LBA 20
[INFO ] Read 2048 bytes from LBA 20
[INFO ] Read 2048 bytes from LBA 20
[INFO ] Read 2048 bytes from LBA 20
[INFO ] Read 2048 bytes from LBA 20
[INFO ] Read 2048 bytes from LBA 20
[INFO ] Read 2048 bytes from LBA 20
[INFO ] Read 2048 bytes from LBA 20
[INFO ] Read 2048 bytes from LBA 20
[INFO ] Read 2048 bytes from LBA 20
[INFO ] Read 2048 bytes from LBA 20
[INFO ] Read 2048 bytes from LBA 20
[INFO ] Read 2048 bytes from LBA 20
[INFO ] Read 2048 bytes from LBA 20
[INFO ] Read 2048 bytes from LBA 20
[INFO ] Read 2048 bytes from LBA 20
[INFO ] Read 2048 bytes from LBA 20
[INFO ] Read 2048 bytes from LBA 20
[INFO ] Read 2048 bytes from LBA 20
[INFO ] Read 2048 bytes from LBA 20
[INFO ] Read 2048 bytes from LBA 20
[INFO ] Read 2048 bytes from LBA 20
[INFO ] Read 2048 bytes from LBA 20
[INFO ] Read 2048 bytes from LBA 20
[INFO ] Read 2048 bytes from LBA 20
[INFO ] Read 2048 bytes from LBA 20
[INFO ] Read 2048 bytes from LBA 20
[INFO ] Read 2048 bytes from LBA 20
[INFO ] Read 2048 bytes from LBA 20
[INFO ] Read 2048 bytes from LBA 20
[INFO ] Read 2048 bytes from LBA 20
[INFO ] Read 2048 bytes from LBA 20
[INFO ] Read 2048 bytes from LBA 20
[INFO ] Read 2048 bytes from LBA 20
[INFO ] Read 2048 bytes from LBA 20
[INFO ] Read 2048 bytes from LBA 20
[INFO ] Read 2048 bytes from LBA 20
[INFO ] Read 2048 bytes from LBA 20
[INFO ] Read 2048 bytes from LBA 20
[INFO ] Read 2048 bytes from LBA 20
[INFO ] Read 2048 bytes from LBA 20
[INFO ] Read 2048 bytes from LBA 20
[INFO ] Read 2048 bytes from LBA 20
[INFO ] Read 2048 bytes from LBA 20
[INFO ] Read 2048 bytes from LBA 20
[INFO ] Read 2048 bytes from LBA 20
[INFO ] Read 2048 bytes from LBA 20
[INFO ] Read 2048 bytes from LBA 20
[INFO ] Read 2048 bytes from LBA 20
[INFO ] Read 2048 bytes from LBA 20
[INFO ] Read 2048 bytes from LBA 20
[INFO ] Read 2048 bytes from LBA 20
[INFO ] Read 2048 bytes from LBA 20
[INFO ] Read 2048 bytes from LBA 20
[INFO ] Read 2048 bytes from LBA 20
[INFO ] Read 2048 bytes from LBA 20
[INFO ] Read 2048 bytes from LBA 20
[INFO ] Read 2048 bytes from LBA 20
[INFO ] Read 2048 bytes from LBA 20
[INFO ] Read 2048 bytes from LBA 20
[INFO ] Read 2048 bytes from LBA 20
[INFO ] Read 2048 bytes from LBA 20
[INFO ] Read 2048 bytes from LBA 20
[INFO ] Read 2048 bytes from LBA 20
[INFO ] Read 2048 bytes from LBA 20
[INFO ] Read 2048 bytes from LBA 20
[INFO ] Read 2048 bytes from LBA 20
[INFO ] Read 2048 bytes from LBA 20
[INFO ] Read 2048 bytes from LBA 20
[INFO ] Read 2048 bytes from LBA 20
[INFO ] Read 2048 bytes from LBA 20
[INFO ] Read 2048 bytes from LBA 20
[INFO ] Read 2048 bytes from LBA 20
[INFO ] Read 2048 bytes from LBA 20
[INFO ] Read 2048 bytes from LBA 20
[INFO ] Read 2048 bytes from LBA 20
[INFO ] Read 2048 bytes from LBA 20
[INFO ] Read 2048 bytes from LBA 20
[INFO ] Read 2048 bytes from LBA 20
[INFO ] Read 2048 bytes from LBA 20
[INFO ] Read 2048 bytes from LBA 20
[INFO ] Read 2048 bytes from LBA 20
[INFO ] Read 2048 bytes from LBA 20
[INFO ] Read 2048 bytes from LBA 20
[INFO ] Read 2048 bytes from LBA 20
[INFO ] Read 2048 bytes from LBA 20
[INFO ] Read 2048 bytes from LBA 20
[INFO ] Read 2048 bytes from LBA 20
[INFO ] Read 2048 bytes from LBA 20
[INFO ] Read 2048 bytes from LBA 20
[INFO ] Read 2048 bytes from LBA 20
[INFO ] Read 2048 bytes from LBA 20
[INFO ] Read 2048 bytes from LBA 20
[INFO ] Read 2048 bytes from LBA 20
[INFO ] Read 2048 bytes from LBA 20
[INFO ] Read 2048 bytes from LBA 20
[INFO ] Read 2048 bytes from LBA 20
[INFO ] Read 2048 bytes from LBA 20
[INFO ] Read 2048 bytes from LBA 20
[INFO ] Read 2048 bytes from LBA 20
[INFO ] Read 2048 bytes from LBA 20
[INFO ] Read 2048 bytes from LBA 20
[INFO ] Read 2048 bytes from LBA 20
[INFO ] Read 2048 bytes from LBA 20
[INFO ] Read 2048 bytes from LBA 20
[INFO ] Read 2048 bytes from LBA 20
[INFO ] Read 2048 bytes from LBA 20
[INFO ] Read 2048 bytes from LBA 20
[INFO ] Read 2048 bytes from LBA 20
[INFO ] Read 2048 bytes from LBA 20
[INFO ] Read 2048 bytes from LBA 20
[INFO ] Read 2048 bytes from LBA 20
[INFO ] Read 2048 bytes from LBA 20
[INFO ] Read 2048 bytes from LBA 20
[INFO ] Read 2048 bytes from LBA 20
[INFO ] Read 2048 bytes from LBA 20
[INFO ] Read 2048 bytes from LBA 20
[INFO ] Read 2048 bytes from LBA 20
[INFO ] Read 2048 bytes from LBA 20
[INFO ] Read 2048 bytes from LBA 20
[INFO ] Read 2048 bytes from LBA 20
[INFO ] Read 2048 bytes from LBA 20
[INFO ] Read 2048 bytes from LBA 20
[INFO ] Read 2048 bytes from LBA 20
[INFO ] Read 2048 bytes from LBA 20
[INFO ] Read 2048 bytes from LBA 20
[INFO ] Read 2048 bytes from LBA 20
[INFO ] Read 2048 bytes from LBA 20
[INFO ] Read 2048 bytes from LBA 20
[INFO ] Read 2048 bytes from LBA 20
[INFO ] Read 2048 bytes from LBA 20
[INFO ] Read 2048 bytes from LBA 20
[INFO ] Read 2048 bytes from LBA 20
[INFO ] Read 2048 bytes from LBA 20
[INFO ] Read 2048 bytes from LBA 20
[INFO ] Read 2048 bytes from LBA 20
[INFO ] Read 2048 bytes from LBA 20
[INFO ] Read 2048 bytes from LBA 20
[INFO ] Read 2048 bytes from LBA 20
[INFO ] Read 2048 bytes from LBA 20
[INFO ] Read 2048 bytes from LBA 20
[INFO ] Read 2048 bytes from LBA 20
[INFO ] Read 2048 bytes from LBA 20
[INFO ] Read 2048 bytes from LBA 20
[INFO ] Read 2048 bytes from LBA 20
[INFO ] Read 2048 bytes from LBA 20
[INFO ] Read 2048 bytes from LBA 20
[INFO ] Read 2048 bytes from LBA 20
[INFO ] Read 2048 bytes from LBA 20
[INFO ] Read 2048 bytes from LBA 20
[INFO ] Read 2048 bytes from LBA 20
[INFO ] Read 2048 bytes from LBA 20
[INFO ] Read 2048 bytes from LBA 20
[INFO ] Read 2048 bytes from LBA 20
[INFO ] Read 2048 bytes from LBA 20
[INFO ] Read 2048 bytes from LBA 20
[INFO ] Read 2048 bytes from LBA 20
[INFO ] Read 2048 bytes from LBA 20
[INFO ] Read 2048 bytes from LBA 20
[INFO ] Read 2048 bytes from LBA 20
[INFO ] Read 2048 bytes from LBA 20
[INFO ] Read 2048 bytes from LBA 20
[INFO ] Read 2048 bytes from LBA 20
[INFO ] Read 2048 bytes from LBA 20
[INFO ] Read 2048 bytes from LBA 20
[INFO ] Read 2048 bytes from LBA 20
[INFO ] Read 2048 bytes from LBA 20
[INFO ] Read 2048 bytes from LBA 20
[INFO ] Read 2048 bytes from LBA 20
[INFO ] Read 2048 bytes from LBA 20
[INFO ] Read 2048 bytes from LBA 20
[INFO ] Read 2048 bytes from LBA 20
[INFO ] Read 2048 bytes from LBA 20
[INFO ] Read 2048 bytes from LBA 20
[INFO ] Read 2048 bytes from LBA 20
[INFO ] Read 2048 bytes from LBA 20
[INFO ] Read 2048 bytes from LBA 20
[INFO ] Read 2048 bytes from LBA 20
[INFO ] Read 2048 bytes from LBA 20
[INFO ] Read 2048 bytes from LBA 20
[INFO ] Read 2048 bytes from LBA 20
[INFO ] Read 2048 bytes from LBA 20
[INFO ] Read 2048 bytes from LBA 20
[INFO ] Read 2048 bytes from LBA 20
[INFO ] Read 2048 bytes from LBA 20
[INFO ] Read 2048 bytes from LBA 20
[INFO ] Read 2048 bytes from LBA 20
[INFO ] Read 2048 bytes from LBA 20
[INFO ] Read 2048 bytes from LBA 20
[INFO ] Read 2048 bytes from LBA 20
[INFO ] Read 2048 bytes from LBA 20
[INFO ] Read 2048 bytes from LBA 20
[INFO ] Read 2048 bytes from LBA 20
[INFO ] Read 2048 bytes from LBA 20
[INFO ] Read 2048 bytes from LBA 20
[INFO ] Read 2048 bytes from LBA 20
[INFO ] Read 2048 bytes from LBA 20
[INFO ] Read 2048 bytes from LBA 20
[INFO ] Read 2048 bytes from LBA 20
[INFO ] Read 2048 bytes from LBA 20
[INFO ] Read 2048 bytes from LBA 20
[INFO ] Read 2048 bytes from LBA 20
[INFO ] Read 2048 bytes from LBA 20
[INFO ] Read 2048 bytes from LBA 20
[INFO ] Read 2048 bytes from LBA 20
[INFO ] Read 2048 bytes from LBA 20
[INFO ] Read 2048 bytes from LBA 20
[INFO ] Read 2048 bytes from LBA 20
[INFO ] Read 2048 bytes from LBA 20
[INFO ] Read 2048 bytes from LBA 20
[INFO ] Read 2048 bytes from LBA 20
[INFO ] Read 2048 bytes from LBA 20
[INFO ] Read 2048 bytes from LBA 20
[INFO ] Read 2048 bytes from LBA 20
[INFO ] Read 2048 bytes from LBA 20
[INFO ] Read 2048 bytes from LBA 20
[INFO ] Read 2048 bytes from LBA 20
[INFO ] Read 2048 bytes from LBA 20
[INFO ] Read 2048 bytes from LBA 20
[INFO ] Read 2048 bytes from LBA 20
[INFO ] Read 2048 bytes from LBA 20
[INFO ] Read 2048 bytes from LBA 20
[INFO ] Read 2048 bytes from LBA 20
[INFO ] Read 2048 bytes from LBA 20
[INFO ] Read 2048 bytes from LBA 20
[INFO ] Read 2048 bytes from LBA 20
[INFO ] Read 2048 bytes from LBA 20
[INFO ] Read 2048 bytes from LBA 20
[INFO ] Read 2048 bytes from LBA 20
[INFO ] Read 2048 bytes from LBA 20
[INFO ] Read 2048 bytes from LBA 20
[INFO ] Read 2048 bytes from LBA 20
[INFO ] Read 2048 bytes from LBA 20
[INFO ] Read 2048 bytes from LBA 20
[INFO ] Read 2048 bytes from LBA 20
[INFO ] Read 2048 bytes from LBA 20
[INFO ] Read 2048 bytes from LBA 20
[INFO ] Read 2048 bytes from LBA 20
[INFO ] Read 2048 bytes from LBA 20
[INFO ] Read 2048 bytes from LBA 20
[INFO ] Read 2048 bytes from LBA 20
[INFO ] Read 2048 bytes from LBA 20
[INFO ] Read 2048 bytes from LBA 20
[INFO ] Read 2048 bytes from LBA 20
[INFO ] Read 2048 bytes from LBA 20
[INFO ] Read 2048 bytes from LBA 20
[INFO ] Read 2048 bytes from LBA 20
[INFO ] Read 2048 bytes from LBA 20
[INFO ] Read 2048 bytes from LBA 20
[INFO ] Read 2048 bytes from LBA 20
[INFO ] Read 2048 bytes from LBA 20
[INFO ] Read 2048 bytes from LBA 20
[INFO ] Read 2048 bytes from LBA 20
[INFO ] Read 2048 bytes from LBA 20
[INFO ] Read 2048 bytes from LBA 20
[INFO ] Read 2048 bytes from LBA 20
[INFO ] Read 2048 bytes from LBA 20
[INFO ] Read 2048 bytes from LBA 20
[INFO ] Read 2048 bytes from LBA 20
[INFO ] Read 2048 bytes from LBA 20
[INFO ] Read 2048 bytes from LBA 20
[INFO ] Read 2048 bytes from LBA 20
[INFO ] Read 2048 bytes from LBA 20
[INFO ] Read 2048 bytes from LBA 20
[INFO ] Read 2048 bytes from LBA 20
[INFO ] Read 2048 bytes from LBA 20
[INFO ] Read 2048 bytes from LBA 20
[INFO ] Read 2048 bytes from LBA 20
[INFO ] Read 2048 bytes from LBA 20
[INFO ] Read 2048 bytes from LBA 20
[INFO ] Read 2048 bytes from LBA 20
[INFO ] Read 2048 bytes from LBA 20
[INFO ] Read 2048 bytes from LBA 20
[INFO ] Read 2048 bytes from LBA 20
[INFO ] Read 2048 bytes from LBA 20
[INFO ] Read 2048 bytes from LBA 20
[INFO ] Read 2048 bytes from LBA 20
[INFO ] Read 2048 bytes from LBA 20
[INFO ] Read 2048 bytes from LBA 20
[INFO ] Read 2048 bytes from LBA 20
[INFO ] Read 2048 bytes from LBA 20
[INFO ] Read 2048 bytes from LBA 20
[INFO ] Read 2048 bytes from LBA 20
[INFO ] Read 2048 bytes from LBA 20
[INFO ] Read 2048 bytes from LBA 20
[INFO ] Read 2048 bytes from LBA 20
[INFO ] Read 2048 bytes from LBA 20
[INFO ] Read 2048 bytes from LBA 20
[INFO ] Read 2048 bytes from LBA 20
[INFO ] Read 2048 bytes from LBA 20
[INFO ] Read 2048 bytes from LBA 20
[INFO ] Read 2048 bytes from LBA 20
[INFO ] Read 2048 bytes from LBA 20
[INFO ] Read 2048 bytes from LBA 20
[INFO ] Read 2048 bytes from LBA 20
[INFO ] Read 2048 bytes from LBA 20
[INFO ] Read 2048 bytes from LBA 20
[INFO ] Read 2048 bytes from LBA 20
[INFO ] Read 2048 bytes from LBA 20
[INFO ] Read 2048 bytes from LBA 20
[INFO ] Read 2048 bytes from LBA 20
[INFO ] Read 2048 bytes from LBA 20
[INFO ] Read 2048 bytes from LBA 20
[INFO ] Read 2048 bytes from LBA 20
[INFO ] Read 2048 bytes from LBA 20
[INFO ] Read 2048 bytes from LBA 20
[INFO ] Read 2048 bytes from LBA 20
[INFO ] Read 2048 bytes from LBA 20
[INFO ] Read 2048 bytes from LBA 20
[INFO ] Read 2048 bytes from LBA 20
[INFO ] Read 2048 bytes from LBA 20
[INFO ] Read 2048 bytes from LBA 20
[INFO ] Read 2048 bytes from LBA 20
[INFO ] Read 2048 bytes from LBA 20
[INFO ] Read 2048 bytes from LBA 20
[INFO ] Read 2048 bytes from LBA 20
[INFO ] Read 2048 bytes from LBA 20
[INFO ] Read 2048 bytes from LBA 20
[INFO ] Read 2048 bytes from LBA 20
[INFO ] Read 2048 bytes from LBA 20
[INFO ] Read 2048 bytes from LBA 20
[INFO ] Read 2048 bytes from LBA 20
[INFO ] Read 2048 bytes from LBA 20
[INFO ] Read 2048 bytes from LBA 20
[INFO ] Read 2048 bytes from LBA 20
[INFO ] Read 2048 bytes from LBA 20
[INFO ] Read 2048 bytes from LBA 20
[INFO ] Read 2048 bytes from LBA 20
[INFO ] Read 2048 bytes from LBA 20
[INFO ] Read 2048 bytes from LBA 20
[INFO ] Read 2048 bytes from LBA 20
[INFO ] Read 2048 bytes from LBA 20
[INFO ] Read 2048 bytes from LBA 20
[INFO ] Read 2048 bytes from LBA 20
[INFO ] Read 2048 bytes from LBA 20
[INFO ] Read 2048 bytes from LBA 20
[INFO ] Read 2048 bytes from LBA 20
[INFO ] Read 2048 bytes from LBA 20
[INFO ] Read 2048 bytes from LBA 20
[INFO ] Read 2048 bytes from LBA 20
[INFO ] Read 2048 bytes from LBA 20
[INFO ] Read 2048 bytes from LBA 20
[INFO ] Read 2048 bytes from LBA 20
[INFO ] Read 2048 bytes from LBA 20
[INFO ] Read 2048 bytes from LBA 20
[INFO ] Read 2048 bytes from LBA 20
[INFO ] Read 2048 bytes from LBA 20
[INFO ] Read 2048 bytes from LBA 20
[INFO ] Read 2048 bytes from LBA 20
[INFO ] Read 2048 bytes from LBA 20
[INFO ] Read 2048 bytes from LBA 20
[INFO ] Read 2048 bytes from LBA 20
[INFO ] Read 2048 bytes from LBA 20
[INFO ] Read 2048 bytes from LBA 20
[INFO ] Read 2048 bytes from LBA 20
[INFO ] Read 2048 bytes from LBA 20
[INFO ] Read 2048 bytes from LBA 20
[INFO ] Read 2048 bytes from LBA 20
[INFO ] Read 2048 bytes from LBA 20
[INFO ] Read 2048 bytes from LBA 20
[INFO ] Read 2048 bytes from LBA 20
[INFO ] Read 2048 bytes from LBA 20
[INFO ] Read 2048 bytes from LBA 20
[INFO ] Read 2048 bytes from LBA 20
[INFO ] Read 2048 bytes from LBA 20
[INFO ] Read 2048 bytes from LBA 20
[INFO ] Read 2048 bytes from LBA 20
[INFO ] Read 2048 bytes from LBA 20
[INFO ] Read 2048 bytes from LBA 20
[INFO ] Read 2048 bytes from LBA 20
[INFO ] Read 2048 bytes from LBA 20
[INFO ] Read 2048 bytes from LBA 20
[INFO ] Read 2048 bytes from LBA 20
[INFO ] Read 2048 bytes from LBA 20
[INFO ] Read 2048 bytes from LBA 20
[INFO ] Read 2048 bytes from LBA 20
[INFO ] Read 2048 bytes from LBA 20
[INFO ] Read 2048 bytes from LBA 20
[INFO ] Read 2048 bytes from LBA 20
[INFO ] Read 2048 bytes from LBA 20
[INFO ] Read 2048 bytes from LBA 20
[INFO ] Read 2048 bytes from LBA 20
[INFO ] Read 2048 bytes from LBA 20
[INFO ] Read 2048 bytes from LBA 20
[INFO ] Read 2048 bytes from LBA 20
[INFO ] Read 2048 bytes from LBA 20
[INFO ] Read 2048 bytes from LBA 20
[INFO ] Read 2048 bytes from LBA 20
[INFO ] Read 2048 bytes from LBA 20
[INFO ] Read 2048 bytes from LBA 20
[INFO ] Read 2048 bytes from LBA 20
[INFO ] Read 2048 bytes from LBA 20
[INFO ] Read 2048 bytes from LBA 20
[INFO ] Read 2048 bytes from LBA 20
[INFO ] Read 2048 bytes from LBA 20
[INFO ] Read 2048 bytes from LBA 20
[INFO ] Read 2048 bytes from LBA 20
[INFO ] Read 2048 bytes from LBA 20
[INFO ] Read 2048 bytes from LBA 20
[INFO ] Read 2048 bytes from LBA 20
[INFO ] Read 2048 bytes from LBA 20
[INFO ] Read 2048 bytes from LBA 20
[INFO ] Read 2048 bytes from LBA 20
[INFO ] Read 2048 bytes from LBA 20
[INFO ] Read 2048 bytes from LBA 20
[INFO ] Read 2048 bytes from LBA 20
[INFO ] Read 2048 bytes from LBA 20
[INFO ] Read 2048 bytes from LBA 20
[INFO ] Read 2048 bytes from LBA 20
[INFO ] Read 2048 bytes from LBA 20
[INFO ] Read 2048 bytes from LBA 20
[INFO ] Read 2048 bytes from LBA 20
[INFO ] Read 2048 bytes from LBA 20
[INFO ] Read 2048 bytes from LBA 20
[INFO ] Read 2048 bytes from LBA 20
[INFO ] Read 2048 bytes from LBA 20
[INFO ] Read 2048 bytes from LBA 20
[INFO ] Read 2048 bytes from LBA 20
[INFO ] Read 2048 bytes from LBA 20
[INFO ] Read 2048 bytes from LBA 20
[INFO ] Read 2048 bytes from LBA 20
[INFO ] Read 2048 bytes from LBA 20
[INFO ] Read 2048 bytes from LBA 20
[INFO ] Read 2048 bytes from LBA 20
[INFO ] Read 2048 bytes from LBA 20
[INFO ] Read 2048 bytes from LBA 20
[INFO ] Read 2048 bytes from LBA 20
[INFO ] Read 2048 bytes from LBA 20
[INFO ] Read 2048 bytes from LBA 20
[INFO ] Read 2048 bytes from LBA 20
[INFO ] Read 2048 bytes from LBA 20
[INFO ] Read 2048 bytes from LBA 20
[INFO ] Read 2048 bytes from LBA 20
[INFO ] Read 2048 bytes from LBA 20
[INFO ] Read 2048 bytes from LBA 20
[INFO ] Read 2048 bytes from LBA 20
[INFO ] Read 2048 bytes from LBA 20
[INFO ] Read 2048 bytes from LBA 20
[INFO ] Read 2048 bytes from LBA 20
[INFO ] Read 2048 bytes from LBA 20
[INFO ] Read 2048 bytes from LBA 20
[INFO ] Read 2048 bytes from LBA 20
[INFO ] Read 2048 bytes from LBA 20
[INFO ] Read 2048 bytes from LBA 20
[INFO ] Read 2048 bytes from LBA 20
[INFO ] Read 2048 bytes from LBA 20
[INFO ] Read 2048 bytes from LBA 20
[INFO ] Read 2048 bytes from LBA 20
[INFO ] Read 2048 bytes from LBA 20
[INFO ] Read 2048 bytes from LBA 20
[INFO ] Read 2048 bytes from LBA 20
[INFO ] Read 2048 bytes from LBA 20
[INFO ] Read 2048 bytes from LBA 20
[INFO ] Read 2048 bytes from LBA 20
[INFO ] Read 2048 bytes from LBA 20
[INFO ] Read 2048 bytes from LBA 20
[INFO ] Read 2048 bytes from LBA 20
[INFO ] Read 2048 bytes from LBA 20
[INFO ] Read 2048 bytes from LBA 20
[INFO ] Read 2048 bytes from LBA 20
[INFO ] Read 2048 bytes from LBA 20
[INFO ] Read 2048 bytes from LBA 20
[INFO ] Read 2048 bytes from LBA 20
[INFO ] Read 2048 bytes from LBA 20
[INFO ] Read 2048 bytes from LBA 20
[INFO ] Read 2048 bytes from LBA 20
[INFO ] Read 2048 bytes from LBA 20
[INFO ] Read 2048 bytes from LBA 20
[INFO ] Read 2048 bytes from LBA 20
[INFO ] Read 2048 bytes from LBA 20
[INFO ] Read 2048 bytes from LBA 20
[INFO ] Read 2048 bytes from LBA 20
[INFO ] Read 2048 bytes from LBA 20
[INFO ] Read 2048 bytes from LBA 20
[INFO ] Read 2048 bytes from LBA 20
[INFO ] Read 2048 bytes from LBA 20
[INFO ] Read 2048 bytes from LBA 20
[INFO ] Read 2048 bytes from LBA 20
[INFO ] Read 2048 bytes from LBA 20
[INFO ] Read 2048 bytes from LBA 20
[INFO ] Read 2048 bytes from LBA 20
[INFO ] Read 2048 bytes from LBA 20
[INFO ] Read 2048 bytes from LBA 20
[INFO ] Read 2048 bytes from LBA 20
[INFO ] Read 2048 bytes from LBA 20
[INFO ] Read 2048 bytes from LBA 20
[INFO ] Read 2048 bytes from LBA 20
[INFO ] Read 2048 bytes from LBA 20
[INFO ] Read 2048 bytes from LBA 20
[INFO ] Read 2048 bytes from LBA 20
[INFO ] Read 2048 bytes from LBA 20
[INFO ] Read 2048 bytes from LBA 20
[INFO ] Read 2048 bytes from LBA 20
[INFO ] Read 2048 bytes from LBA 20
[INFO ] Read 2048 bytes from LBA 20
[INFO ] Read 2048 bytes from LBA 20
[INFO ] Read 2048 bytes from LBA 20
[INFO ] Read 2048 bytes from LBA 20
[INFO ] Read 2048 bytes from LBA 20
[INFO ] Read 2048 bytes from LBA 20
[INFO ] Read 2048 bytes from LBA 20
[INFO ] Read 2048 bytes from LBA 20
[INFO ] Read 2048 bytes from LBA 20
[INFO ] Read 2048 bytes from LBA 20
[INFO ] Read 2048 bytes from LBA 20
[INFO ] Read 2048 bytes from LBA 20
[INFO ] Read 2048 bytes from LBA 20
[INFO ] Read 2048 bytes from LBA 20
[INFO ] Read 2048 bytes from LBA 20
[INFO ] Read 2048 bytes from LBA 20
[INFO ] Read 2048 bytes from LBA 20
[INFO ] Read 2048 bytes from LBA 20
[INFO ] Read 2048 bytes from LBA 20
[INFO ] Read 2048 bytes from LBA 20
[INFO ] Read 2048 bytes from LBA 20
[INFO ] Read 2048 bytes from LBA 20
[INFO ] Read 2048 bytes from LBA 20
[INFO ] Read 2048 bytes from LBA 20
[INFO ] Read 2048 bytes from LBA 20
[INFO ] Read 2048 bytes from LBA 20
[INFO ] Read 2048 bytes from LBA 20
[INFO ] Read 2048 bytes from LBA 20
[INFO ] Read 2048 bytes from LBA 20
[INFO ] Read 2048 bytes from LBA 20
[INFO ] Read 2048 bytes from LBA 20
[INFO ] Read 2048 bytes from LBA 20
[INFO ] Read 2048 bytes from LBA 20
[INFO ] Read 2048 bytes from LBA 20
[INFO ] Read 2048 bytes from LBA 20
[INFO ] Read 2048 bytes from LBA 20
[INFO ] Read 2048 bytes from LBA 20
[INFO ] Read 2048 bytes from LBA 20
[INFO ] Read 2048 bytes from LBA 20
[INFO ] Read 2048 bytes from LBA 20
[INFO ] Read 2048 bytes from LBA 20
[INFO ] Read 2048 bytes from LBA 20
[INFO ] Read 2048 bytes from LBA 20
[INFO ] Read 2048 bytes from LBA 20
[INFO ] Read 2048 bytes from LBA 20
[INFO ] Read 2048 bytes from LBA 20
[INFO ] Read 2048 bytes from LBA 20
[INFO ] Read 2048 bytes from LBA 20
[INFO ] Read 2048 bytes from LBA 20
[INFO ] Read 2048 bytes from LBA 20
[INFO ] Read 2048 bytes from LBA 20
[INFO ] Read 2048 bytes from LBA 20
[INFO ] Read 2048 bytes from LBA 20
[INFO ] Read 2048 bytes from LBA 20
[INFO ] Read 2048 bytes from LBA 20
[INFO ] Read 2048 bytes from LBA 20
[INFO ] Read 2048 bytes from LBA 20
[INFO ] Read 2048 bytes from LBA 20
[INFO ] Read 2048 bytes from LBA 20
[INFO ] Read 2048 bytes from LBA 20
[INFO ] Read 2048 bytes from LBA 20
[INFO ] Read 2048 bytes from LBA 20
[INFO ] Read 2048 bytes from LBA 20
[INFO ] Read 2048 bytes from LBA 20
[INFO ] Read 2048 bytes from LBA 20
[INFO ] Read 2048 bytes from LBA 20
[INFO ] Read 2048 bytes from LBA 20
[INFO ] Read 2048 bytes from LBA 20
[INFO ] Read 2048 bytes from LBA 20
[INFO ] Read 2048 bytes from LBA 20
[INFO ] Read 2048 bytes from LBA 20
[INFO ] Read 2048 bytes from LBA 20
[INFO ] Read 2048 bytes from LBA 20
[INFO ] Read 2048 bytes from LBA 20
[INFO ] Read 2048 bytes from LBA 20
[INFO ] Read 2048 bytes from LBA 20
[INFO ] Read 2048 bytes from LBA 20
[INFO ] Read 2048 bytes from LBA 20
[INFO ] Read 2048 bytes from LBA 20
[INFO ] Read 2048 bytes from LBA 20
[INFO ] Read 2048 bytes from LBA 20
[INFO ] Read 2048 bytes from LBA 20
[INFO ] Read 2048 bytes from LBA 20
[INFO ] Read 2048 bytes from LBA 20
[INFO ] Read 2048 bytes from LBA 20
[INFO ] Read 2048 bytes from LBA 20
[INFO ] Read 2048 bytes from LBA 20
[INFO ] Read 2048 bytes from LBA 20
[INFO ] Read 2048 bytes from LBA 20
[INFO ] Read 2048 bytes from LBA 20
[INFO ] Read 2048 bytes from LBA 20
[INFO ] Read 2048 bytes from LBA 20
[INFO ] Read 2048 bytes from LBA 20
[INFO ] Read 2048 bytes from LBA 20
[INFO ] Read 2048 bytes from LBA 20
[INFO ] Read 2048 bytes from LBA 20
[INFO ] Read 2048 bytes from LBA 20
[INFO ] Read 2048 bytes from LBA 20
[INFO ] Read 2048 bytes from LBA 20
[INFO ] Read 2048 bytes from LBA 20
[INFO ] Read 2048 bytes from LBA 20
[INFO ] Read 2048 bytes from LBA 20
[INFO ] Read 2048 bytes from LBA 20
[INFO ] Read 2048 bytes from LBA 20
[INFO ] Read 2048 bytes from LBA 20
[INFO ] Read 2048 bytes from LBA 20
[INFO ] Read 2048 bytes from LBA 20
[INFO ] Read 2048 bytes from LBA 20
[INFO ] Read 2048 bytes from LBA 20
[INFO ] Read 2048 bytes from LBA 20
[INFO ] Read 2048 bytes from LBA 20
[INFO ] Read 2048 bytes from LBA 20
[INFO ] Read 2048 bytes from LBA 20
[INFO ] Read 2048 bytes from LBA 20
[INFO ] Read 2048 bytes from LBA 20
[INFO ] Read 2048 bytes from LBA 20
[INFO ] Read 2048 bytes from LBA 20
[INFO ] Read 2048 bytes from LBA 20
[INFO ] Read 2048 bytes from LBA 20
[INFO ] Read 2048 bytes from LBA 20
[INFO ] Read 2048 bytes from LBA 20
[INFO ] Read 2048 bytes from LBA 20
[INFO ] Read 2048 bytes from LBA 20
[INFO ] Read 2048 bytes from LBA 20
[INFO ] Read 2048 bytes from LBA 20
[INFO ] Read 2048 bytes from LBA 20
[INFO ] Read 2048 bytes from LBA 20
[INFO ] Read 2048 bytes from LBA 20
[INFO ] Read 2048 bytes from LBA 20
[INFO ] Read 2048 bytes from LBA 20
[INFO ] Read 2048 bytes from LBA 20
[INFO ] Read 2048 bytes from LBA 20
[INFO ] Read 2048 bytes from LBA 20
[INFO ] Read 2048 bytes from LBA 20
[INFO ] Read 2048 bytes from LBA 20
[INFO ] Read 2048 bytes from LBA 20
[INFO ] Read 2048 bytes from LBA 20
[INFO ] Read 2048 bytes from LBA 20
[INFO ] Read 2048 bytes from LBA 20
[INFO ] Read 2048 bytes from LBA 20
[INFO ] Read 2048 bytes from LBA 20
[INFO ] Read 2048 bytes from LBA 20
[INFO ] Read 2048 bytes from LBA 20
[INFO ] Read 2048 bytes from LBA 20
[INFO ] Read 2048 bytes from LBA 20
[INFO ] Read 2048 bytes from LBA 20
[INFO ] Read 2048 bytes from LBA 20
[INFO ] Read 2048 bytes from LBA 20
[INFO ] Read 2048 bytes from LBA 20
[INFO ] Read 2048 bytes from LBA 20
[INFO ] Read 2048 bytes from LBA 20
[INFO ] Read 2048 bytes from LBA 20
[INFO ] Read 2048 bytes from LBA 20
[INFO ] Read 2048 bytes from LBA 20
[INFO ] Read 2048 bytes from LBA 20
[INFO ] Read 2048 bytes from LBA 20
[INFO ] Read 2048 bytes from LBA 20
[INFO ] Read 2048 bytes from LBA 20
[INFO ] Read 2048 bytes from LBA 20
[INFO ] Read 2048 bytes from LBA 20
[INFO ] Read 2048 bytes from LBA 20
[INFO ] Read 2048 bytes from LBA 20
[INFO ] Read 2048 bytes from LBA 20
[INFO ] Read 2048 bytes from LBA 20
[INFO ] Read 2048 bytes from LBA 20
[INFO ] Read 2048 bytes from LBA 20
[INFO ] Read 2048 bytes from LBA 20
[INFO ] Read 2048 bytes from LBA 20
[INFO ] Read 2048 bytes from LBA 20
[INFO ] Read 2048 bytes from LBA 20
[INFO ] Read 2048 bytes from LBA 20
[INFO ] Read 2048 bytes from LBA 20
[INFO ] Read 2048 bytes from LBA 20
[INFO ] Read 2048 bytes from LBA 20
[INFO ] Read 2048 bytes from LBA 20
[INFO ] Read 2048 bytes from LBA 20
[INFO ] Read 2048 bytes from LBA 20
[INFO ] Read 2048 bytes from LBA 20
[INFO ] Read 2048 bytes from LBA 20
[INFO ] Read 2048 bytes from LBA 20
[INFO ] Read 2048 bytes from LBA 20
[INFO ] Read 2048 bytes from LBA 20
[INFO ] Read 2048 bytes from LBA 20
[INFO ] Read 2048 bytes from LBA 20
[INFO ] Read 2048 bytes from LBA 20
[INFO ] Read 2048 bytes from LBA 20
[INFO ] Read 2048 bytes from LBA 20
[INFO ] Read 2048 bytes from LBA 20
[INFO ] Read 2048 bytes from LBA 20
[INFO ] Read 2048 bytes from LBA 20
[INFO ] Read 2048 bytes from LBA 20
[INFO ] Read 2048 bytes from LBA 20
[INFO ] Read 2048 bytes from LBA 20
[INFO ] Read 2048 bytes from LBA 20
[INFO ] Read 2048 bytes from LBA 20
[INFO ] Read 2048 bytes from LBA 20
[INFO ] Read 2048 bytes from LBA 20
[INFO ] Read 2048 bytes from LBA 20
[INFO ] Read 2048 bytes from LBA 20
[INFO ] Read 2048 bytes from LBA 20
[INFO ] Read 2048 bytes from LBA 20
[INFO ] Read 2048 bytes from LBA 20
[INFO ] Read 2048 bytes from LBA 20
[INFO ] Read 2048 bytes from LBA 20
[INFO ] Read 2048 bytes from LBA 20
[INFO ] Read 2048 bytes from LBA 20
[INFO ] Read 2048 bytes from LBA 20
[INFO ] Read 2048 bytes from LBA 20
[INFO ] Read 2048 bytes from LBA 20
[INFO ] Read 2048 bytes from LBA 20
[INFO ] Read 2048 bytes from LBA 20
[INFO ] Read 2048 bytes from LBA 20
[INFO ] Read 2048 bytes from LBA 20
[INFO ] Read 2048 bytes from LBA 20
[INFO ] Read 2048 bytes from LBA 20
[INFO ] Read 2048 bytes from LBA 20
[INFO ] Read 2048 bytes from LBA 20
[INFO ] Read 2048 bytes from LBA 20
[INFO ] Read 2048 bytes from LBA 20
[INFO ] Read 2048 bytes from LBA 20
[INFO ] Read 2048 bytes from LBA 20
[INFO ] Read 2048 bytes from LBA 20
[INFO ] Read 2048 bytes from LBA 20
[INFO ] Read 2048 bytes from LBA 20
[INFO ] Read 2048 bytes from LBA 20
[INFO ] Read 2048 bytes from LBA 20
[INFO ] Read 2048 bytes from LBA 20
[INFO ] Read 2048 bytes from LBA 20
[INFO ] Read 2048 bytes from LBA 20
[INFO ] Read 2048 bytes from LBA 20
[INFO ] Read 2048 bytes from LBA 20
[INFO ] Read 2048 bytes from LBA 20
[INFO ] Read 2048 bytes from LBA 20
[INFO ] Read 2048 bytes from LBA 20
[INFO ] Read 2048 bytes from LBA 20
[INFO ] Read 2048 bytes from LBA 20
[INFO ] Read 2048 bytes from LBA 20
[INFO ] Read 2048 bytes from LBA 20
[INFO ] Read 2048 bytes from LBA 20
[INFO ] Read 2048 bytes from LBA 20
[INFO ] Read 2048 bytes from LBA 20
[INFO ] Read 2048 bytes from LBA 20
[INFO ] Read 2048 bytes from LBA 20
[INFO ] Read 2048 bytes from LBA 20
[INFO ] Read 2048 bytes from LBA 20
[INFO ] Read 2048 bytes from LBA 20
[INFO ] Read 2048 bytes from LBA 20
[INFO ] Read 2048 bytes from LBA 20
[INFO ] Read 2048 bytes from LBA 20
[INFO ] Read 2048 bytes from LBA 20
[INFO ] Read 2048 bytes from LBA 20
[INFO ] Read 2048 bytes from LBA 20
[INFO ] Read 2048 bytes from LBA 20
[INFO ] Read 2048 bytes from LBA 20
[INFO ] Read 2048 bytes from LBA 20
[INFO ] Read 2048 bytes from LBA 20
[INFO ] Read 2048 bytes from LBA 20
[INFO ] Read 2048 bytes from LBA 20
[INFO ] Read 2048 bytes from LBA 20
[INFO ] Read 2048 bytes from LBA 20
[INFO ] Read 2048 bytes from LBA 20
[INFO ] Read 2048 bytes from LBA 20
[INFO ] Read 2048 bytes from LBA 20
[INFO ] Read 2048 bytes from LBA 20
[INFO ] Read 2048 bytes from LBA 20
[INFO ] Read 2048 bytes from LBA 20
[INFO ] Read 2048 bytes from LBA 20
[INFO ] Read 2048 bytes from LBA 20
[INFO ] Read 2048 bytes from LBA 20
[INFO ] Read 2048 bytes from LBA 20
[INFO ] Read 2048 bytes from LBA 20
[INFO ] Read 2048 bytes from LBA 20
[INFO ] Read 2048 bytes from LBA 20
[INFO ] Read 2048 bytes from LBA 20
[INFO ] Read 2048 bytes from LBA 20
[INFO ] Read 2048 bytes from LBA 20
[INFO ] Read 2048 bytes from LBA 20
[INFO ] Read 2048 bytes from LBA 20
[INFO ] Read 2048 bytes from LBA 20
[INFO ] Read 2048 bytes from LBA 20
[INFO ] Read 2048 bytes from LBA 20
[INFO ] Read 2048 bytes from LBA 20
[INFO ] Read 2048 bytes from LBA 20
[INFO ] Read 2048 bytes from LBA 20
[INFO ] Read 2048 bytes from LBA 20
[INFO ] Read 2048 bytes from LBA 20
[INFO ] Read 2048 bytes from LBA 20
[INFO ] Read 2048 bytes from LBA 20
[INFO ] Read 2048 bytes from LBA 20
[INFO ] Read 2048 bytes from LBA 20
[INFO ] Read 2048 bytes from LBA 20
[INFO ] Read 2048 bytes from LBA 20
[INFO ] Read 2048 bytes from LBA 20
[INFO ] Read 2048 bytes from LBA 20
[INFO ] Read 2048 bytes from LBA 20
[INFO ] Read 2048 bytes from LBA 20
[INFO ] Read 2048 bytes from LBA 20
[INFO ] Read 2048 bytes from LBA 20
[INFO ] Read 2048 bytes from LBA 20
[INFO ] Read 2048 bytes from LBA 20
[INFO ] Read 2048 bytes from LBA 20
[INFO ] Read 2048 bytes from LBA 20
[INFO ] Read 2048 bytes from LBA 20
[INFO ] Read 2048 bytes from LBA 20
[INFO ] Read 2048 bytes from LBA 20
[INFO ] Read 2048 bytes from LBA 20
[INFO ] Read 2048 bytes from LBA 20
[INFO ] Read 2048 bytes from LBA 20
[INFO ] Read 2048 bytes from LBA 20
[INFO ] Read 2048 bytes from LBA 20
[INFO ] Read 2048 bytes from LBA 20
[INFO ] Read 2048 bytes from LBA 20
[INFO ] Read 2048 bytes from LBA 20
[INFO ] Read 2048 bytes from LBA 20
[INFO ] Read 2048 bytes from LBA 20
[INFO ] Read 2048 bytes from LBA 20
[INFO ] Read 2048 bytes from LBA 20
[INFO ] Read 2048 bytes from LBA 20
[INFO ] Read 2048 bytes from LBA 20
[INFO ] Read 2048 bytes from LBA 20
[INFO ] Read 2048 bytes from LBA 20
[INFO ] Read 2048 bytes from LBA 20
[INFO ] Read 2048 bytes from LBA 20
[INFO ] Read 2048 bytes from LBA 20
[INFO ] Read 2048 bytes from LBA 20
[INFO ] Read 2048 bytes from LBA 20
[INFO ] Read 2048 bytes from LBA 20
[INFO ] Read 2048 bytes from LBA 20
[INFO ] Read 2048 bytes from LBA 20
[INFO ] Read 2048 bytes from LBA 20
[INFO ] Read 2048 bytes from LBA 20
[INFO ] Read 2048 bytes from LBA 20
[INFO ] Read 2048 bytes from LBA 20
[INFO ] Read 2048 bytes from LBA 20
[INFO ] Read 2048 bytes from LBA 20
[INFO ] Read 2048 bytes from LBA 20
[INFO ] Read 2048 bytes from LBA 20
[INFO ] Read 2048 bytes from LBA 20
[INFO ] Read 2048 bytes from LBA 20
[INFO ] Read 2048 bytes from LBA 20
[INFO ] Read 2048 bytes from LBA 20
[INFO ] Read 2048 bytes from LBA 20
[INFO ] Read 2048 bytes from LBA 20
[INFO ] Read 2048 bytes from LBA 20
[INFO ] Read 2048 bytes from LBA 20
[INFO ] Read 2048 bytes from LBA 20
[INFO ] Read 2048 bytes from LBA 20
[INFO ] Read 2048 bytes from LBA 20
[INFO ] Read 2048 bytes from LBA 20
[INFO ] Read 2048 bytes from LBA 20
[INFO ] Read 2048 bytes from LBA 20
[INFO ] Read 2048 bytes from LBA 20
[INFO ] Read 2048 bytes from LBA 20
[INFO ] Read 2048 bytes from LBA 20
[INFO ] Read 2048 bytes from LBA 20
[INFO ] Read 2048 bytes from LBA 20
[INFO ] Read 2048 bytes from LBA 20
[INFO ] Read 2048 bytes from LBA 20
[INFO ] Read 2048 bytes from LBA 20
[INFO ] Read 2048 bytes from LBA 20
[INFO ] Read 2048 bytes from LBA 20
[INFO ] Read 2048 bytes from LBA 20
[INFO ] Read 2048 bytes from LBA 20
[INFO ] Read 2048 bytes from LBA 20
[INFO ] Read 2048 bytes from LBA 20
[INFO ] Read 2048 bytes from LBA 20
[INFO ] Read 2048 bytes from LBA 20
[INFO ] Read 2048 bytes from LBA 20
[INFO ] Read 2048 bytes from LBA 20
[INFO ] Read 2048 bytes from LBA 20
[INFO ] Read 2048 bytes from LBA 20
[INFO ] Read 2048 bytes from LBA 20
[INFO ] Read 2048 bytes from LBA 20
[INFO ] Read 2048 bytes from LBA 20
[INFO ] Read 2048 bytes from LBA 20
[INFO ] Read 2048 bytes from LBA 20
[INFO ] Read 2048 bytes from LBA 20
[INFO ] Read 2048 bytes from LBA 20
[INFO ] Read 2048 bytes from LBA 20
[INFO ] Read 2048 bytes from LBA 20
[INFO ] Read 2048 bytes from LBA 20
[INFO ] Read 2048 bytes from LBA 20
[INFO ] Read 2048 bytes from LBA 20
[INFO ] Read 2048 bytes from LBA 20
[INFO ] Read 2048 bytes from LBA 20
[INFO ] Read 2048 bytes from LBA 20
[INFO ] Read 2048 bytes from LBA 20
[INFO ] Read 2048 bytes from LBA 20
[INFO ] Read 2048 bytes from LBA 20
[INFO ] Read 2048 bytes from LBA 20
[INFO ] Read 2048 bytes from LBA 20
[INFO ] Read 2048 bytes from LBA 20
[INFO ] Read 2048 bytes from LBA 20
[INFO ] Read 2048 bytes from LBA 20
[INFO ] Read 2048 bytes from LBA 20
[INFO ] Read 2048 bytes from LBA 20
[INFO ] Read 2048 bytes from LBA 20
[INFO ] Read 2048 bytes from LBA 20
[INFO ] Read 2048 bytes from LBA 20
[INFO ] Read 2048 bytes from LBA 20
[INFO ] Read 2048 bytes from LBA 20
[INFO ] Read 2048 bytes from LBA 20
[INFO ] Read 2048 bytes from LBA 20
[INFO ] Read 2048 bytes from LBA 20
[INFO ] Read 2048 bytes from LBA 20
[INFO ] Read 2048 bytes from LBA 20
[INFO ] Read 2048 bytes from LBA 20
[INFO ] Read 2048 bytes from LBA 20
[INFO ] Read 2048 bytes from LBA 20
[INFO ] Read 2048 bytes from LBA 20
[INFO ] Read 2048 bytes from LBA 20
[INFO ] Read 2048 bytes from LBA 20
[INFO ] Read 2048 bytes from LBA 20
[INFO ] Read 2048 bytes from LBA 20
[INFO ] Read 2048 bytes from LBA 20
[INFO ] Read 2048 bytes from LBA 20
[INFO ] Read 2048 bytes from LBA 20
[INFO ] Read 2048 bytes from LBA 20
[INFO ] Read 2048 bytes from LBA 20
[INFO ] Read 2048 bytes from LBA 20
[INFO ] Read 2048 bytes from LBA 20
[INFO ] Read 2048 bytes from LBA 20
[INFO ] Read 2048 bytes from LBA 20
[INFO ] Read 2048 bytes from LBA 20
[INFO ] Read 2048 bytes from LBA 20
[INFO ] Read 2048 bytes from LBA 20
[INFO ] Read 2048 bytes from LBA 20
[INFO ] Read 2048 bytes from LBA 20
[INFO ] Read 2048 bytes from LBA 20
[INFO ] Read 2048 bytes from LBA 20
[INFO ] Read 2048 bytes from LBA 20
[INFO ] Read 2048 bytes from LBA 20
[INFO ] Read 2048 bytes from LBA 20
[INFO ] Read 2048 bytes from LBA 20
[INFO ] Read 2048 bytes from LBA 20
[INFO ] Read 2048 bytes from LBA 20
[INFO ] Read 2048 bytes from LBA 20
[INFO ] Read 2048 bytes from LBA 20
[INFO ] Read 2048 bytes from LBA 20
[INFO ] Read 2048 bytes from LBA 20
[INFO ] Read 2048 bytes from LBA 20
[INFO ] Read 2048 bytes from LBA 20
[INFO ] Read 2048 bytes from LBA 20
[INFO ] Read 2048 bytes from LBA 20
[INFO ] Read 2048 bytes from LBA 20
[INFO ] Read 2048 bytes from LBA 20
[INFO ] Read 2048 bytes from LBA 20
[INFO ] Read 2048 bytes from LBA 20
[INFO ] Read 2048 bytes from LBA 20
[INFO ] Read 2048 bytes from LBA 20
[INFO ] Read 2048 bytes from LBA 20
[INFO ] Read 2048 bytes from LBA 20
[INFO ] Read 2048 bytes from LBA 20
[INFO ] Read 2048 bytes from LBA 20
[INFO ] Read 2048 bytes from LBA 20
[INFO ] Read 2048 bytes from LBA 20
[INFO ] Read 2048 bytes from LBA 20
[INFO ] Read 2048 bytes from LBA 20
[INFO ] Read 2048 bytes from LBA 20
[INFO ] Read 2048 bytes from LBA 20
[INFO ] Read 2048 bytes from LBA 20
[INFO ] Read 2048 bytes from LBA 20
[INFO ] Read 2048 bytes from LBA 20
[INFO ] Read 2048 bytes from LBA 20
[INFO ] Read 2048 bytes from LBA 20
[INFO ] Read 2048 bytes from LBA 20
[INFO ] Read 2048 bytes from LBA 20
[INFO ] Read 2048 bytes from LBA 20
[INFO ] Read 2048 bytes from LBA 20
[INFO ] Read 2048 bytes from LBA 20
[INFO ] Read 2048 bytes from LBA 20
[INFO ] Read 2048 bytes from LBA 20
[INFO ] Read 2048 bytes from LBA 20
[INFO ] Read 2048 bytes from LBA 20
[INFO ] Read 2048 bytes from LBA 20
[INFO ] Read 2048 bytes from LBA 20
[INFO ] Read 2048 bytes from LBA 20
[INFO ] Read 2048 bytes from LBA 20
[INFO ] Read 2048 bytes from LBA 20
[INFO ] Read 2048 bytes from LBA 20
[INFO ] Read 2048 bytes from LBA 20
[INFO ] Read 2048 bytes from LBA 20
[INFO ] Read 2048 bytes from LBA 20
[INFO ] Read 2048 bytes from LBA 20
[INFO ] Read 2048 bytes from LBA 20
[INFO ] Read 2048 bytes from LBA 20
[INFO ] Read 2048 bytes from LBA 20
[INFO ] Read 2048 bytes from LBA 20
[INFO ] Read 2048 bytes from LBA 20
[INFO ] Read 2048 bytes from LBA 20
[INFO ] Read 2048 bytes from LBA 20
[INFO ] Read 2048 bytes from LBA 20
[INFO ] Read 2048 bytes from LBA 20
[INFO ] Read 2048 bytes from LBA 20
[INFO ] Read 2048 bytes from LBA 20
[INFO ] Read 2048 bytes from LBA 20
[INFO ] Read 2048 bytes from LBA 20
[INFO ] Read 2048 bytes from LBA 20
[INFO ] Read 2048 bytes from LBA 20
[INFO ] Read 2048 bytes from LBA 20
[INFO ] Read 2048 bytes from LBA 20
[INFO ] Read 2048 bytes from LBA 20
[INFO ] Read 2048 bytes from LBA 20
[INFO ] Read 2048 bytes from LBA 20
[INFO ] Read 2048 bytes from LBA 20
[INFO ] Read 2048 bytes from LBA 20
[INFO ] Read 2048 bytes from LBA 20
[INFO ] Read 2048 bytes from LBA 20
[INFO ] Read 2048 bytes from LBA 20
[INFO ] Read 2048 bytes from LBA 20
[INFO ] Read 2048 bytes from LBA 20
[INFO ] Read 2048 bytes from LBA 20
[INFO ] Read 2048 bytes from LBA 20
[INFO ] Read 2048 bytes from LBA 20
[INFO ] Read 2048 bytes from LBA 20
[INFO ] Read 2048 bytes from LBA 20
[INFO ] Read 2048 bytes from LBA 20
[INFO ] Read 2048 bytes from LBA 20
[INFO ] Read 2048 bytes from LBA 20
[INFO ] Read 2048 bytes from LBA 20
[INFO ] Read 2048 bytes from LBA 20
[INFO ] Read 2048 bytes from LBA 20
[INFO ] Read 2048 bytes from LBA 20
[INFO ] Read 2048 bytes from LBA 20
[INFO ] Read 2048 bytes from LBA 20
[INFO ] Read 2048 bytes from LBA 20
[INFO ] Read 2048 bytes from LBA 20
[INFO ] Read 2048 bytes from LBA 20
[INFO ] Read 2048 bytes from LBA 20
[INFO ] Read 2048 bytes from LBA 20
[INFO ] Read 2048 bytes from LBA 20
[INFO ] Read 2048 bytes from LBA 20
[INFO ] Read 2048 bytes from LBA 20
[INFO ] Read 2048 bytes from LBA 20
[INFO ] Read 2048 bytes from LBA 20
[INFO ] Read 2048 bytes from LBA 20
[INFO ] Read 2048 bytes from LBA 20
[INFO ] Read 2048 bytes from LBA 20
[INFO ] Read 2048 bytes from LBA 20
[INFO ] Read 2048 bytes from LBA 20
[INFO ] Read 2048 bytes from LBA 20
[INFO ] Read 2048 bytes from LBA 20
[INFO ] Read 2048 bytes from LBA 20
[INFO ] Read 2048 bytes from LBA 20
[INFO ] Read 2048 bytes from LBA 20
[INFO ] Read 2048 bytes from LBA 20
[INFO ] Read 2048 bytes from LBA 20
[INFO ] Read 2048 bytes from LBA 20
[INFO ] Read 2048 bytes from LBA 20
[INFO ] Read 2048 bytes from LBA 20
[INFO ] Read 2048 bytes from LBA 20
[INFO ] Read 2048 bytes from LBA 20
[INFO ] Read 2048 bytes from LBA 20
[INFO ] Read 2048 bytes from LBA 20
[INFO ] Read 2048 bytes from LBA 20
[INFO ] Read 2048 bytes from LBA 20
[INFO ] Read 2048 bytes from LBA 20
[INFO ] Read 2048 bytes from LBA 20
[INFO ] Read 2048 bytes from LBA 20
[INFO ] Read 2048 bytes from LBA 20
[INFO ] Read 2048 bytes from LBA 20
[INFO ] Read 2048 bytes from LBA 20
[INFO ] Read 2048 bytes from LBA 20
[INFO ] Read 2048 bytes from LBA 20
[INFO ] Read 2048 bytes from LBA 20
[INFO ] Read 2048 bytes from LBA 20
[INFO ] Read 2048 bytes from LBA 20
[INFO ] Read 2048 bytes from LBA 20
[INFO ] Read 2048 bytes from LBA 20
[INFO ] Read 2048 bytes from LBA 20
[INFO ] Read 2048 bytes from LBA 20
[INFO ] Read 2048 bytes from LBA 20
[INFO ] Read 2048 bytes from LBA 20
[INFO ] Read 2048 bytes from LBA 20
[INFO ] Read 2048 bytes from LBA 20
[INFO ] Read 2048 bytes from LBA 20
[INFO ] Read 2048 bytes from LBA 20
[INFO ] Read 2048 bytes from LBA 20
[INFO ] Read 2048 bytes from LBA 20
[INFO ] Read 2048 bytes from LBA 20
[INFO ] Read 2048 bytes from LBA 20
[INFO ] Read 2048 bytes from LBA 20
[INFO ] Read 2048 bytes from LBA 20
[INFO ] Read 2048 bytes from LBA 20
[INFO ] Read 2048 bytes from LBA 20
[INFO ] Read 2048 bytes from LBA 20
[INFO ] Read 2048 bytes from LBA 20
[INFO ] Read 2048 bytes from LBA 20
[INFO ] Read 2048 bytes from LBA 20
[INFO ] Read 2048 bytes from LBA 20
[INFO ] Read 2048 bytes from LBA 20
[INFO ] Read 2048 bytes from LBA 20
[INFO ] Read 2048 bytes from LBA 20
[INFO ] Read 2048 bytes from LBA 20
[INFO ] Read 2048 bytes from LBA 20
[INFO ] Read 2048 bytes from LBA 20
[INFO ] Read 2048 bytes from LBA 20
[INFO ] Read 2048 bytes from LBA 20
[INFO ] Read 2048 bytes from LBA 20
[INFO ] Read 2048 bytes from LBA 20
[INFO ] Read 2048 bytes from LBA 20
[INFO ] Read 2048 bytes from LBA 20
[INFO ] Read 2048 bytes from LBA 20
[INFO ] Read 2048 bytes from LBA 20
[INFO ] Read 2048 bytes from LBA 20
[INFO ] Read 2048 bytes from LBA 20
[INFO ] Read 2048 bytes from LBA 20
[INFO ] Read 2048 bytes from LBA 20
[INFO ] Read 2048 bytes from LBA 20
[INFO ] Read 2048 bytes from LBA 20
[INFO ] Read 2048 bytes from LBA 20
[INFO ] Read 2048 bytes from LBA 20
[INFO ] Read 2048 bytes from LBA 20
[INFO ] Read 2048 bytes from LBA 20
[INFO ] Read 2048 bytes from LBA 20
[INFO ] Read 2048 bytes from LBA 20
[INFO ] Read 2048 bytes from LBA 20
[INFO ] Read 2048 bytes from LBA 20
[INFO ] Read 2048 bytes from LBA 20
[INFO ] Read 2048 bytes from LBA 20
[INFO ] Read 2048 bytes from LBA 20
[INFO ] Read 2048 bytes from LBA 20
[INFO ] Read 2048 bytes from LBA 20
[INFO ] Read 2048 bytes from LBA 20
[INFO ] Read 2048 bytes from LBA 20
[INFO ] Read 2048 bytes from LBA 20
[INFO ] Read 2048 bytes from LBA 20
[INFO ] Read 2048 bytes from LBA 20
[INFO ] Read 2048 bytes from LBA 20
[INFO ] Read 2048 bytes from LBA 20
[INFO ] Read 2048 bytes from LBA 20
[INFO ] Read 2048 bytes from LBA 20
[INFO ] Read 2048 bytes from LBA 20
[INFO ] Read 2048 bytes from LBA 20
[INFO ] Read 2048 bytes from LBA 20
[INFO ] Read 2048 bytes from LBA 20
[INFO ] Read 2048 bytes from LBA 20
[INFO ] Read 2048 bytes from LBA 20
[INFO ] Read 2048 bytes from LBA 20
[INFO ] Read 2048 bytes from LBA 20
[INFO ] Read 2048 bytes from LBA 20
[INFO ] Read 2048 bytes from LBA 20
[INFO ] Read 2048 bytes from LBA 20
[INFO ] Read 2048 bytes from LBA 20
[INFO ] Read 2048 bytes from LBA 20
[INFO ] Read 2048 bytes from LBA 20
[INFO ] Read 2048 bytes from LBA 20
[INFO ] Read 2048 bytes from LBA 20
[INFO ] Read 2048 bytes from LBA 20
[INFO ] Read 2048 bytes from LBA 20
[INFO ] Read 2048 bytes from LBA 20
[INFO ] Read 2048 bytes from LBA 20
[INFO ] Read 2048 bytes from LBA 20
[INFO ] Read 2048 bytes from LBA 20
[INFO ] Read 2048 bytes from LBA 20
[INFO ] Read 2048 bytes from LBA 20
[INFO ] Read 2048 bytes from LBA 20
[INFO ] Read 2048 bytes from LBA 20
[INFO ] Read 2048 bytes from LBA 20
[INFO ] Read 2048 bytes from LBA 20
[INFO ] Read 2048 bytes from LBA 20
[INFO ] Read 2048 bytes from LBA 20
[INFO ] Read 2048 bytes from LBA 20
[INFO ] Read 2048 bytes from LBA 20
[INFO ] Read 2048 bytes from LBA 20
[INFO ] Read 2048 bytes from LBA 20
[INFO ] Read 2048 bytes from LBA 20
[INFO ] Read 2048 bytes from LBA 20
[INFO ] Read 2048 bytes from LBA 20
[INFO ] Read 2048 bytes from LBA 20
[INFO ] Read 2048 bytes from LBA 20
[INFO ] Read 2048 bytes from LBA 20
[INFO ] Read 2048 bytes from LBA 20
[INFO ] Read 2048 bytes from LBA 20
[INFO ] Read 2048 bytes from LBA 20
[INFO ] Read 2048 bytes from LBA 20
[INFO ] Read 2048 bytes from LBA 20
[INFO ] Read 2048 bytes from LBA 20
[INFO ] Read 2048 bytes from LBA 20
[INFO ] Read 2048 bytes from LBA 20
[INFO ] Read 2048 bytes from LBA 20
[INFO ] Read 2048 bytes from LBA 20
Stack overflow.
   at guideXOS_Hypervisor_GUI.Services.VMManagerWrapper.VMManager_StartVM(IntPtr, System.String)
   at guideXOS_Hypervisor_GUI.Services.VMManagerWrapper.StartVM(System.String)
   at guideXOS_Hypervisor_GUI.ViewModels.MainViewModel.OnStartVM()
   at guideXOS_Hypervisor_GUI.ViewModels.RelayCommand+<>c__DisplayClass3_0.<.ctor>b__0(System.Object)
   at guideXOS_Hypervisor_GUI.ViewModels.RelayCommand.Execute(System.Object)
   at System.Windows.Controls.Button.OnClick()
   at System.Windows.Controls.Primitives.ButtonBase.OnMouseLeftButtonUp(System.Windows.Input.MouseButtonEventArgs)
   at System.Windows.RoutedEventArgs.InvokeHandler(System.Delegate, System.Object)
   at System.Windows.EventRoute.InvokeHandlersImpl(System.Object, System.Windows.RoutedEventArgs, Boolean)
   at System.Windows.UIElement.ReRaiseEventAs(System.Windows.DependencyObject, System.Windows.RoutedEventArgs, System.Windows.RoutedEvent)
   at System.Windows.RoutedEventArgs.InvokeHandler(System.Delegate, System.Object)
   at System.Windows.EventRoute.InvokeHandlersImpl(System.Object, System.Windows.RoutedEventArgs, Boolean)
   at System.Windows.UIElement.RaiseEventImpl(System.Windows.DependencyObject, System.Windows.RoutedEventArgs)
   at System.Windows.UIElement.RaiseTrustedEvent(System.Windows.RoutedEventArgs)
   at System.Windows.Input.InputManager.ProcessStagingArea()
   at System.Windows.Interop.HwndMouseInputProvider.ReportInput(IntPtr, System.Windows.Input.InputMode, Int32, System.Windows.Input.RawMouseActions, Int32, Int32, Int32)
   at System.Windows.Interop.HwndMouseInputProvider.FilterMessage(IntPtr, MS.Internal.Interop.WindowMessage, IntPtr, IntPtr, Boolean ByRef)
   at System.Windows.Interop.HwndSource.InputFilterMessage(IntPtr, Int32, IntPtr, IntPtr, Boolean ByRef)
   at MS.Win32.HwndWrapper.WndProc(IntPtr, Int32, IntPtr, IntPtr, Boolean ByRef)
   at System.Windows.Threading.ExceptionWrapper.InternalRealCall(System.Delegate, System.Object, Int32)
   at System.Windows.Threading.ExceptionWrapper.TryCatchWhen(System.Object, System.Delegate, System.Object, Int32, System.Delegate)
   at System.Windows.Threading.Dispatcher.LegacyInvokeImpl(System.Windows.Threading.DispatcherPriority, System.TimeSpan, System.Delegate, System.Object, Int32)
   at MS.Win32.HwndSubclass.SubclassWndProc(IntPtr, Int32, IntPtr, IntPtr)
   at MS.Win32.UnsafeNativeMethods.DispatchMessage(System.Windows.Interop.MSG ByRef)
   at MS.Win32.UnsafeNativeMethods.DispatchMessage(System.Windows.Interop.MSG ByRef)
   at System.Windows.Threading.Dispatcher.PushFrameImpl(System.Windows.Threading.DispatcherFrame)
   at System.Windows.Application.RunDispatcher(System.Object)
   at System.Windows.Application.RunInternal(System.Windows.Window)
   at guideXOS_Hypervisor_GUI.App.Main()
