2026-06-13T13:01:08 BOOT_TRACE_BEGIN path="D:\dev\guideXOS_Emulator\guideXOS Hypervisor GUI\bin\Debug\net9.0-windows\logs\boot-trace-20260613-130108.log"
2026-06-13T13:01:08 BOOT_EVENT FIRST_FRAMEBUFFER_CLEAR path=framebuffer_clear base=0xB8000000 color=0xFF000000 pixels=307200
2026-06-13T13:01:27 BOOT_STAGE_010 ISO opened device="disk0" imagePath="D:\bkup\unsorted\debian-7.11.0-ia64-netinst.iso" sizeBytes=270692352 blockSize=512 connected=true
2026-06-13T13:01:27 BOOT_EVENT FIRST_BLOCK_READ device="disk0" imagePath="D:\bkup\unsorted\debian-7.11.0-ia64-netinst.iso" lba=64 blocks=4 blockSize=512 connected=true
2026-06-13T13:01:27 BOOT_STAGE_020 El Torito catalog found catalogLBA=782
2026-06-13T13:01:33 BOOT_STAGE_030 EFI boot image extracted sourcePath="/boot/boot.img" bytes=33554432
2026-06-13T13:01:33 BOOT_STAGE_040 FAT image mounted sourcePath="/boot/boot.img" bytes=33554432
2026-06-13T13:01:33 BOOT_STAGE_050 BOOTIA64.EFI found path="/EFI/BOOT/BOOTIA64.EFI" size=378664 firstCluster=6649 sourceImage="/boot/boot.img"
2026-06-13T13:01:33 BOOT_STAGE_060 PE/COFF headers parsed machine=0x200 subsystem=10 imageBase=0x0 entryPoint=0x43AD0 sizeOfImage=0x5E000 sections=7 isIA64=true isEFI=true
2026-06-13T13:01:33 BOOT_STAGE_070 IA-64 image sections mapped imageBase=0x0 sizeOfImage=0x5E000 mappedSections=7 sections=".text@RVA=0x1000/raw=0x36200/virt=0x36110,.sdata@RVA=0x38000/raw=0x600/virt=0x540,.data@RVA=0x39000/raw=0x1D400/virt=0x1D390,.dynamic@RVA=0x57000/raw=0x200/virt=0x120,.rela@RVA=0x58000/raw=0x1E00/virt=0x1C98,.reloc@RVA=0x5A000/raw=0x200/virt=0xC,.dynsym@RVA=0x5B000/raw=0x2400/virt=0x2340"
2026-06-13T13:01:33 BOOT_STAGE_080 Entry point calculated loadAddress=0x0 entryPoint=0x1000 entryPointRVA=0x1000 imageSize=0x5E000 hasGlobalPointer=true globalPointer=0x238000
2026-06-13T13:01:33 BOOT_EVENT NATIVE_BUILD_STAMP source="VMManager.cpp" buildDate="Jun  6 2026" buildTime="17:32:36"
2026-06-13T13:01:33 BOOT_STAGE_090 Initial CPU state prepared entryPoint=0x1000 loadAddress=0x0 imageBase=0x0 imageSize=0x5E000 r1_gp=0x238000 r12_sp=0x1FFF0000 r32_ImageHandle=0x1 r33_SystemTable=0x1FE00000 bootImage="/boot/boot.img" efiPath="/EFI/BOOT/BOOTIA64.EFI"
2026-06-13T13:01:33 BOOT_EVENT FIRST_FRAMEBUFFER_DRAW_TEXT path=framebuffer_draw_text x=32 y=20 color=0xFF6EE7B7 scale=2 text="GUIDEXOS IA-64 HYPERVISOR"
2026-06-13T13:01:33 BOOT_STAGE_100 First bundle fetched bundleIP=0x1000 template=0x0 instructionCount=3 bytes=00 10 19 08 80 05 30 02 00 62 00 00 00 00 04 00 ip=0x1000 r1_gp=0x238000 r8_ret=0x0 r12_sp=0x1FFF0000 r32=0x1 r33=0x1FE00000 br0=0x0 br6=0x0 cfm=0x0 psr=0x0
2026-06-13T13:01:33 BOOT_STAGE_110 First instruction decoded ip=0x1000 slot=0 type=81 raw=0x2C0040C880 disasm="alloc r34 = ar.pfs, 6, 4, 0" ip=0x1000 r1_gp=0x238000 r8_ret=0x0 r12_sp=0x1FFF0000 r32=0x1 r33=0x1FE00000 br0=0x0 br6=0x0 cfm=0x0 psr=0x0
2026-06-13T13:01:33 BOOT_STAGE_120 First branch/call observed kind=call callerIP=0x1030 slot=2 target=0x36D60 normalized=0x36D60 predicate=p0 livePredicate=true disasm="br.call b0 = 0x36d60" ip=0x1030 r1_gp=0x238000 r8_ret=0x0 r12_sp=0x1FFF0000 r32=0x0 r33=0x57000 br0=0x1040 br6=0x0 cfm=0x206 psr=0x0
2026-06-13T13:01:33 BOOT_EVENT FIRST_CALL_OBSERVED kind=call callerIP=0x1030 slot=2 target=0x36D60 normalized=0x36D60 predicate=p0 livePredicate=true disasm="br.call b0 = 0x36d60" ip=0x1030 r1_gp=0x238000 r8_ret=0x0 r12_sp=0x1FFF0000 r32=0x0 r33=0x57000 br0=0x1040 br6=0x0 cfm=0x206 psr=0x0
2026-06-13T13:01:40 BOOT_STAGE_130 First EFI service call observed service="BootServices.HandleProtocol" callerIP=0x2EFD0 descriptor=0x1FE00EC0 code=0x1FE00E80 gp=0x238000 args=[0x1,0x142030,0x1FF92FF0,0x0,0x0,0x0] status=0x0 statusName="EFI_SUCCESS" descriptorName="HandleProtocol descriptor"
2026-06-13T13:01:40 BOOT_EVENT EFI_CALL service="BootServices.HandleProtocol" callerIP=0x2EFD0 descriptor=0x1FE00EC0 code=0x1FE00E80 gp=0x238000 args=[0x1,0x142030,0x1FF92FF0,0x0,0x0,0x0] status=0x0 statusName="EFI_SUCCESS" descriptorName="HandleProtocol descriptor"
2026-06-13T13:01:40 BOOT_EVENT EFI_CALL service="RuntimeServices.GetVariable" callerIP=0x2EE50 descriptor=0x1FE00DC0 code=0x1FE00D80 gp=0x238000 args=[0x11E058,0x142050,0x1FF92FD0,0x1FF92FE0,0x1FF92FD8,0x1FF92FF0] status=0x800000000000000E statusName="EFI_NOT_FOUND" descriptorName="GetVariable descriptor"
2026-06-13T13:01:40 BOOT_EVENT EFI_CALL service="EFI.GenericSuccess" callerIP=0x1990 descriptor=0x1FE00FC0 code=0x1FE00F80 gp=0x238000 args=[0x0,0x0,0x0,0x0,0x0,0x0] status=0x0 statusName="EFI_SUCCESS" descriptorName="Success descriptor"
2026-06-13T13:01:56 BOOT_EVENT EFI_CALL service="BootServices.HandleProtocol" callerIP=0x1A50 descriptor=0x1FE00EC0 code=0x1FE00E80 gp=0x238000 args=[0x1,0x142030,0x1FF93018,0x0,0x0,0x0] status=0x0 statusName="EFI_SUCCESS" descriptorName="HandleProtocol descriptor"
2026-06-13T13:01:57 BOOT_EVENT EFI_CALL service="RuntimeServices.GetVariable" callerIP=0x1B00 descriptor=0x1FE00DC0 code=0x1FE00D80 gp=0x238000 args=[0x5B058,0x12D03C,0x0,0x1FF93008,0x1FF93000,0x0] status=0x8000000000000005 statusName="EFI_BUFFER_TOO_SMALL" descriptorName="GetVariable descriptor"
2026-06-13T13:01:59 BOOT_STAGE_140 First console/GOP/serial output observed path=raw_framebuffer_write address=0xB8074460 offset=0x74460 size=0x4 width=640 height=480 pitch=2560
2026-06-13T13:01:59 BOOT_EVENT FIRST_RAW_FRAMEBUFFER_WRITE path=raw_framebuffer_write address=0xB8074460 offset=0x74460 size=0x4 width=640 height=480 pitch=2560
2026-06-13T13:01:59 BOOT_EVENT VISIBLE_OUTPUT path=SimpleTextOut.OutputString this=0x1FE01200 stringAddress=0x1FF92DA0 text="??" consoleMirror=0x1FFFFE00 framebufferMirror=0xB8000000 calls=1
2026-06-13T13:01:59 BOOT_EVENT EFI_CALL service="SimpleTextOut.OutputString" callerIP=0x30E40 descriptor=0x1FE012C0 code=0x1FE01280 gp=0x238000 args=[0x1FE01200,0x1FF92DA0,0x1FF92F78,0x1FF92D9B,0x1FF92D98,0x1FF92D9A] status=0x0 statusName="EFI_SUCCESS" descriptorName="SimpleTextOut.OutputString descriptor"
2026-06-13T13:02:02 BOOT_EVENT VISIBLE_OUTPUT path=SimpleTextOut.OutputString this=0x1FE01200 stringAddress=0x1FF92DA0 text="??" consoleMirror=0x1FFFFE00 framebufferMirror=0xB8000000 calls=2
2026-06-13T13:02:02 BOOT_EVENT EFI_CALL service="SimpleTextOut.OutputString" callerIP=0x30E40 descriptor=0x1FE012C0 code=0x1FE01280 gp=0x238000 args=[0x1FE01200,0x1FF92DA0,0x1FF92F78,0x1FF92D9B,0x1FF92D98,0x1FF92D9A] status=0x0 statusName="EFI_SUCCESS" descriptorName="SimpleTextOut.OutputString descriptor"
2026-06-13T13:02:04 BOOT_EVENT VISIBLE_OUTPUT path=SimpleTextOut.OutputString this=0x1FE01200 stringAddress=0x1FF92DA0 text="" consoleMirror=0x0 framebufferMirror=0xB8000000 calls=3
2026-06-13T13:02:04 BOOT_EVENT EFI_CALL service="SimpleTextOut.OutputString" callerIP=0x30E40 descriptor=0x1FE012C0 code=0x1FE01280 gp=0x238000 args=[0x1FE01200,0x1FF92DA0,0x1FF92F78,0x1FF92D9B,0x1FF92D98,0x1FF92D9A] status=0x0 statusName="EFI_SUCCESS" descriptorName="SimpleTextOut.OutputString descriptor"
2026-06-13T13:02:05 BOOT_EVENT EFI_CALL service="BootServices.AllocatePool" callerIP=0xA210 descriptor=0x1FE00E40 code=0x1FE00E00 gp=0x238000 args=[0x2,0x18,0x1FF92FF0,0x5B058,0x1,0x1FF93000] status=0x0 statusName="EFI_SUCCESS" descriptorName="AllocatePool descriptor"
2026-06-13T13:02:05 BOOT_EVENT FIRST_MEMORY_ACCESS_OUTSIDE_NORMAL_RANGE access=read address=0x3A002000650064 size=0x8 guestMemorySize=0x20000000
2026-06-13T13:02:05 BOOT_EVENT FIRST_FAULT_TRAP kind=instruction_execute ip=0xEAC0 slot=1 targetAddress=0x3A002000650064 disasm="ld8 r14 = [r16]" reason="Memory address 0x3a002000650064 out of bounds (size: 0x20000000)" ip=0xEAC0 r1_gp=0x238000 r8_ret=0x1FE02000 r12_sp=0x1FF92FF0 r32=0x12F000 r33=0x1C br0=0xEA70 br6=0x1FE00E00 cfm=0x309 psr=0x0
2026-06-13T13:02:05 BOOT_EVENT EFI_CALL service="BootServices.AllocatePool" callerIP=0xA210 descriptor=0x1FE00E40 code=0x1FE00E00 gp=0x238000 args=[0x2,0x18,0x1FF92FF0,0x5B058,0x1,0x1FF93000] status=0x0 statusName="EFI_SUCCESS" descriptorName="AllocatePool descriptor"
2026-06-13T13:02:08 BOOT_EVENT VISIBLE_OUTPUT path=SimpleTextOut.OutputString this=0x1FE01200 stringAddress=0x1FF92DA0 text="??" consoleMirror=0x1FFFFE00 framebufferMirror=0xB8000000 calls=4
2026-06-13T13:02:08 BOOT_EVENT EFI_CALL service="SimpleTextOut.OutputString" callerIP=0x30E40 descriptor=0x1FE012C0 code=0x1FE01280 gp=0x238000 args=[0x1FE01200,0x1FF92DA0,0x1FF92F78,0x1FF92D9B,0x1FF92D98,0x1FF92D9A] status=0x0 statusName="EFI_SUCCESS" descriptorName="SimpleTextOut.OutputString descriptor"
2026-06-13T13:02:10 BOOT_EVENT VISIBLE_OUTPUT path=SimpleTextOut.OutputString this=0x1FE01200 stringAddress=0x1FF92DA0 text="" consoleMirror=0x0 framebufferMirror=0xB8000000 calls=5
2026-06-13T13:02:10 BOOT_EVENT EFI_CALL service="SimpleTextOut.OutputString" callerIP=0x30E40 descriptor=0x1FE012C0 code=0x1FE01280 gp=0x238000 args=[0x1FE01200,0x1FF92DA0,0x1FF92F78,0x1FF92D9B,0x1FF92D98,0x1FF92D9A] status=0x0 statusName="EFI_SUCCESS" descriptorName="SimpleTextOut.OutputString descriptor"
2026-06-13T13:02:13 BOOT_EVENT VISIBLE_OUTPUT path=SimpleTextOut.OutputString this=0x1FE01200 stringAddress=0x1FF92DA0 text="" consoleMirror=0x0 framebufferMirror=0xB8000000 calls=6
2026-06-13T13:02:13 BOOT_EVENT EFI_CALL service="SimpleTextOut.OutputString" callerIP=0x30E40 descriptor=0x1FE012C0 code=0x1FE01280 gp=0x238000 args=[0x1FE01200,0x1FF92DA0,0x1FF92F78,0x1FF92D9B,0x1FF92D98,0x1FF92D9A] status=0x0 statusName="EFI_SUCCESS" descriptorName="SimpleTextOut.OutputString descriptor"
2026-06-13T13:02:15 BOOT_EVENT VISIBLE_OUTPUT path=SimpleTextOut.OutputString this=0x1FE01200 stringAddress=0x1FF92DA0 text="??" consoleMirror=0x1FFFFE00 framebufferMirror=0xB8000000 calls=7
2026-06-13T13:02:15 BOOT_EVENT EFI_CALL service="SimpleTextOut.OutputString" callerIP=0x30E40 descriptor=0x1FE012C0 code=0x1FE01280 gp=0x238000 args=[0x1FE01200,0x1FF92DA0,0x1FF92F78,0x1FF92D9B,0x1FF92D98,0x1FF92D9A] status=0x0 statusName="EFI_SUCCESS" descriptorName="SimpleTextOut.OutputString descriptor"
2026-06-13T13:02:18 BOOT_EVENT VISIBLE_OUTPUT path=SimpleTextOut.OutputString this=0x1FE01200 stringAddress=0x1FF92DA0 text="" consoleMirror=0x0 framebufferMirror=0xB8000000 calls=8
2026-06-13T13:02:18 BOOT_EVENT EFI_CALL service="SimpleTextOut.OutputString" callerIP=0x30E40 descriptor=0x1FE012C0 code=0x1FE01280 gp=0x238000 args=[0x1FE01200,0x1FF92DA0,0x1FF92F78,0x1FF92D9B,0x1FF92D98,0x1FF92D9A] status=0x0 statusName="EFI_SUCCESS" descriptorName="SimpleTextOut.OutputString descriptor"
2026-06-13T13:02:20 BOOT_EVENT VISIBLE_OUTPUT path=SimpleTextOut.OutputString this=0x1FE01200 stringAddress=0x1FF92DA0 text="" consoleMirror=0x0 framebufferMirror=0xB8000000 calls=9
2026-06-13T13:02:20 BOOT_EVENT EFI_CALL service="SimpleTextOut.OutputString" callerIP=0x30E40 descriptor=0x1FE012C0 code=0x1FE01280 gp=0x238000 args=[0x1FE01200,0x1FF92DA0,0x1FF92F78,0x1FF92D9B,0x1FF92D98,0x1FF92D9A] status=0x0 statusName="EFI_SUCCESS" descriptorName="SimpleTextOut.OutputString descriptor"
2026-06-13T13:02:20 BOOT_EVENT EFI_CALL service="BootServices.AllocatePool" callerIP=0xA210 descriptor=0x1FE00E40 code=0x1FE00E00 gp=0x238000 args=[0x2,0x18,0x1FF92FF0,0x5B058,0x1,0x1FF93000] status=0x0 statusName="EFI_SUCCESS" descriptorName="AllocatePool descriptor"
2026-06-13T13:02:20 BOOT_EVENT EFI_CALL service="BootServices.AllocatePool" callerIP=0xA210 descriptor=0x1FE00E40 code=0x1FE00E00 gp=0x238000 args=[0x2,0x18,0x1FF92FF0,0x5B058,0x1,0x1FF93000] status=0x0 statusName="EFI_SUCCESS" descriptorName="AllocatePool descriptor"
2026-06-13T13:02:20 BOOT_EVENT EFI_SIMPLEFS_CONTEXT_RESTORED slot=0x1FF93018 value=0x1FE00D00 interfaceOut=0x1FF93010
2026-06-13T13:02:21 BOOT_EVENT EFI_CALL service="BootServices.HandleProtocol" callerIP=0x1CC0 descriptor=0x1FE00EC0 code=0x1FE00E80 gp=0x238000 args=[0x40,0x141000,0x1FF93010,0x18,0x1FE00898,0x0] status=0x0 statusName="EFI_SUCCESS" descriptorName="HandleProtocol descriptor"
2026-06-13T13:02:21 BOOT_EVENT EFI_CALL service="BootServices.AllocatePool" callerIP=0xA210 descriptor=0x1FE00E40 code=0x1FE00E00 gp=0x238000 args=[0x2,0x2,0x1FF92FF0,0x5B058,0x1,0x107E] status=0x0 statusName="EFI_SUCCESS" descriptorName="AllocatePool descriptor"
2026-06-13T13:02:24 BOOT_EVENT VISIBLE_OUTPUT path=SimpleTextOut.OutputString this=0x1FE01200 stringAddress=0x1FF92D50 text="??" consoleMirror=0x1FFFFE00 framebufferMirror=0xB8000000 calls=10
2026-06-13T13:02:24 BOOT_EVENT EFI_CALL service="SimpleTextOut.OutputString" callerIP=0x30E40 descriptor=0x1FE012C0 code=0x1FE01280 gp=0x238000 args=[0x1FE01200,0x1FF92D50,0x1FF92F28,0x1FF92D4B,0x1FF92D48,0x1FF92D4A] status=0x0 statusName="EFI_SUCCESS" descriptorName="SimpleTextOut.OutputString descriptor"
2026-06-13T13:02:27 BOOT_EVENT VISIBLE_OUTPUT path=SimpleTextOut.OutputString this=0x1FE01200 stringAddress=0x1FF92D50 text="" consoleMirror=0x0 framebufferMirror=0xB8000000 calls=11
2026-06-13T13:02:27 BOOT_EVENT EFI_CALL service="SimpleTextOut.OutputString" callerIP=0x30E40 descriptor=0x1FE012C0 code=0x1FE01280 gp=0x238000 args=[0x1FE01200,0x1FF92D50,0x1FF92F28,0x1FF92D4B,0x1FF92D48,0x1FF92D4A] status=0x0 statusName="EFI_SUCCESS" descriptorName="SimpleTextOut.OutputString descriptor"
2026-06-13T13:02:29 BOOT_EVENT VISIBLE_OUTPUT path=SimpleTextOut.OutputString this=0x1FE01200 stringAddress=0x1FF92D50 text="" consoleMirror=0x0 framebufferMirror=0xB8000000 calls=12
2026-06-13T13:02:29 BOOT_EVENT EFI_CALL service="SimpleTextOut.OutputString" callerIP=0x30E40 descriptor=0x1FE012C0 code=0x1FE01280 gp=0x238000 args=[0x1FE01200,0x1FF92D50,0x1FF92F28,0x1FF92D4B,0x1FF92D48,0x1FF92D4A] status=0x0 statusName="EFI_SUCCESS" descriptorName="SimpleTextOut.OutputString descriptor"
2026-06-13T13:02:29 BOOT_EVENT EFI_CALL service="EFI.GenericSuccess" callerIP=0xAB90 descriptor=0x1FE00FC0 code=0x1FE00F80 gp=0x238000 args=[0x1FE02080,0x8000000000000001,0x0,0x41070,0x76060,0x1] status=0x0 statusName="EFI_SUCCESS" descriptorName="Success descriptor"
2026-06-13T13:02:29 BOOT_EVENT EFI_CALL service="EFI.GenericSuccess" callerIP=0xAB90 descriptor=0x1FE00FC0 code=0x1FE00F80 gp=0x238000 args=[0x1FE02060,0x8000000000000001,0x0,0x41070,0x76060,0x1] status=0x0 statusName="EFI_SUCCESS" descriptorName="Success descriptor"
2026-06-13T13:02:29 BOOT_EVENT EFI_CALL service="EFI.GenericSuccess" callerIP=0xAB90 descriptor=0x1FE00FC0 code=0x1FE00F80 gp=0x238000 args=[0x1FE02040,0x8000000000000001,0x0,0x41070,0x76060,0x1] status=0x0 statusName="EFI_SUCCESS" descriptorName="Success descriptor"
2026-06-13T13:02:29 BOOT_EVENT EFI_CALL service="EFI.GenericSuccess" callerIP=0xAB90 descriptor=0x1FE00FC0 code=0x1FE00F80 gp=0x238000 args=[0x1FE02020,0x8000000000000001,0x0,0x41070,0x76060,0x1] status=0x0 statusName="EFI_SUCCESS" descriptorName="Success descriptor"
2026-06-13T13:02:29 BOOT_EVENT EFI_CALL service="EFI.GenericSuccess" callerIP=0xAB90 descriptor=0x1FE00FC0 code=0x1FE00F80 gp=0x238000 args=[0x1FE02000,0x8000000000000001,0x0,0x41070,0x76060,0x1] status=0x0 statusName="EFI_SUCCESS" descriptorName="Success descriptor"
