d:\devgitlab\guidexos.hypervisor\x64\debug\guidexos hypervisor core.pdb
d:\devgitlab\guidexos.hypervisor\x64\debug\guidexos hypervisor core.idb
d:\devgitlab\guidexos.hypervisor\guidexos.b8f4a8e1\x64\debug\isapluginregistry.obj
d:\devgitlab\guidexos.hypervisor\guidexos.b8f4a8e1\x64\debug\ia64isaplugin.obj
d:\devgitlab\guidexos.hypervisor\guidexos.b8f4a8e1\x64\debug\exampleisaplugin.obj
d:\devgitlab\guidexos.hypervisor\guidexos.b8f4a8e1\x64\debug\timer.obj
d:\devgitlab\guidexos.hypervisor\guidexos.b8f4a8e1\x64\debug\interruptcontroller.obj
d:\devgitlab\guidexos.hypervisor\guidexos.b8f4a8e1\x64\debug\framebufferdevice.obj
d:\devgitlab\guidexos.hypervisor\guidexos.b8f4a8e1\x64\debug\consoleoutputbuffer.obj
d:\devgitlab\guidexos.hypervisor\guidexos.b8f4a8e1\x64\debug\console.obj
d:\devgitlab\guidexos.hypervisor\guidexos.b8f4a8e1\x64\debug\fuzzer.obj
d:\devgitlab\guidexos.hypervisor\guidexos.b8f4a8e1\x64\debug\mtype_decoder.obj
d:\devgitlab\guidexos.hypervisor\guidexos.b8f4a8e1\x64\debug\lx_decoder.obj
d:\devgitlab\guidexos.hypervisor\guidexos.b8f4a8e1\x64\debug\itype_decoder.obj
d:\devgitlab\guidexos.hypervisor\guidexos.b8f4a8e1\x64\debug\decoder.obj
d:\devgitlab\guidexos.hypervisor\guidexos.b8f4a8e1\x64\debug\btype_decoder.obj
d:\devgitlab\guidexos.hypervisor\guidexos.b8f4a8e1\x64\debug\atype_decoder.obj
d:\devgitlab\guidexos.hypervisor\guidexos.b8f4a8e1\x64\debug\cpu_core.obj
d:\devgitlab\guidexos.hypervisor\guidexos.b8f4a8e1\x64\debug\cpu.obj
d:\devgitlab\guidexos.hypervisor\guidexos.b8f4a8e1\x64\debug\vmcontrolapihandler.obj
d:\devgitlab\guidexos.hypervisor\guidexos.b8f4a8e1\x64\debug\restapiserver.obj
d:\devgitlab\guidexos.hypervisor\guidexos.b8f4a8e1\x64\debug\abi.obj
d:\devgitlab\guidexos.hypervisor\guidexos.b8f4a8e1\x64\debug\kernelpanic.obj
d:\devgitlab\guidexos.hypervisor\guidexos.b8f4a8e1\x64\debug\cpucontext.obj
d:\devgitlab\guidexos.hypervisor\guidexos.b8f4a8e1\x64\debug\boottracesystem.obj
d:\devgitlab\guidexos.hypervisor\guidexos.b8f4a8e1\x64\debug\syscalldispatcher.obj
d:\devgitlab\guidexos.hypervisor\guidexos.b8f4a8e1\x64\debug\virtualdiskmanager.obj
d:\devgitlab\guidexos.hypervisor\guidexos.b8f4a8e1\x64\debug\virtualblockdevice.obj
d:\devgitlab\guidexos.hypervisor\guidexos.b8f4a8e1\x64\debug\simplereadonlyfs.obj
d:\devgitlab\guidexos.hypervisor\guidexos.b8f4a8e1\x64\debug\rawdiskdevice.obj
d:\devgitlab\guidexos.hypervisor\guidexos.b8f4a8e1\x64\debug\pathresolver.obj
d:\devgitlab\guidexos.hypervisor\guidexos.b8f4a8e1\x64\debug\initramfsdevice.obj
d:\devgitlab\guidexos.hypervisor\guidexos.b8f4a8e1\x64\debug\filesystemmount.obj
d:\devgitlab\guidexos.hypervisor\guidexos.b8f4a8e1\x64\debug\profiler.obj
d:\devgitlab\guidexos.hypervisor\guidexos.b8f4a8e1\x64\debug\mmu.obj
d:\devgitlab\guidexos.hypervisor\guidexos.b8f4a8e1\x64\debug\memory.obj
d:\devgitlab\guidexos.hypervisor\guidexos.b8f4a8e1\x64\debug\loader.obj
d:\devgitlab\guidexos.hypervisor\guidexos.b8f4a8e1\x64\debug\kernelvalidator.obj
d:\devgitlab\guidexos.hypervisor\guidexos.b8f4a8e1\x64\debug\dynamic_linker.obj
d:\devgitlab\guidexos.hypervisor\guidexos.b8f4a8e1\x64\debug\crt0.obj
d:\devgitlab\guidexos.hypervisor\guidexos.b8f4a8e1\x64\debug\bootstrap.obj
d:\devgitlab\guidexos.hypervisor\guidexos.b8f4a8e1\x64\debug\libc_bridge.obj
d:\devgitlab\guidexos.hypervisor\guidexos.b8f4a8e1\x64\debug\test_mov_imm.obj
d:\devgitlab\guidexos.hypervisor\guidexos.b8f4a8e1\x64\debug\test_mmu.obj
d:\devgitlab\guidexos.hypervisor\guidexos.b8f4a8e1\x64\debug\test_main.obj
d:\devgitlab\guidexos.hypervisor\guidexos.b8f4a8e1\x64\debug\test_libc_bridge.obj
d:\devgitlab\guidexos.hypervisor\guidexos.b8f4a8e1\x64\debug\test_kernel_bootstrap.obj
d:\devgitlab\guidexos.hypervisor\guidexos.b8f4a8e1\x64\debug\test_isa_plugin.obj
d:\devgitlab\guidexos.hypervisor\guidexos.b8f4a8e1\x64\debug\test_io_devices.obj
d:\devgitlab\guidexos.hypervisor\guidexos.b8f4a8e1\x64\debug\test_initramfs.obj
d:\devgitlab\guidexos.hypervisor\guidexos.b8f4a8e1\x64\debug\test_fuzzer.obj
d:\devgitlab\guidexos.hypervisor\guidexos.b8f4a8e1\x64\debug\test_elf_validation.obj
d:\devgitlab\guidexos.hypervisor\guidexos.b8f4a8e1\x64\debug\test_cpu_execution.obj
d:\devgitlab\guidexos.hypervisor\guidexos.b8f4a8e1\x64\debug\test_boot_state_machine.obj
d:\devgitlab\guidexos.hypervisor\guidexos.b8f4a8e1\x64\debug\test_bootstrap.obj
d:\devgitlab\guidexos.hypervisor\guidexos.b8f4a8e1\x64\debug\webuiserver.obj
d:\devgitlab\guidexos.hypervisor\guidexos.b8f4a8e1\x64\debug\vmsnapshotmanager.obj
d:\devgitlab\guidexos.hypervisor\guidexos.b8f4a8e1\x64\debug\vmmanager.obj
d:\devgitlab\guidexos.hypervisor\guidexos.b8f4a8e1\x64\debug\vmbootstatemachine.obj
d:\devgitlab\guidexos.hypervisor\guidexos.b8f4a8e1\x64\debug\virtualmachine.obj
d:\devgitlab\guidexos.hypervisor\guidexos.b8f4a8e1\x64\debug\simplecpuscheduler.obj
d:\devgitlab\guidexos.hypervisor\guidexos.b8f4a8e1\x64\debug\test_watchpoint.obj
d:\devgitlab\guidexos.hypervisor\guidexos.b8f4a8e1\x64\debug\test_vm_reset.obj
d:\devgitlab\guidexos.hypervisor\guidexos.b8f4a8e1\x64\debug\test_vm_isolation.obj
d:\devgitlab\guidexos.hypervisor\guidexos.b8f4a8e1\x64\debug\test_vmmanager.obj
d:\devgitlab\guidexos.hypervisor\guidexos.b8f4a8e1\x64\debug\test_vmconfig_serialization.obj
d:\devgitlab\guidexos.hypervisor\guidexos.b8f4a8e1\x64\debug\test_syscall_dispatcher.obj
d:\devgitlab\guidexos.hypervisor\guidexos.b8f4a8e1\x64\debug\test_scheduler_stepping.obj
d:\devgitlab\guidexos.hypervisor\guidexos.b8f4a8e1\x64\debug\test_profiler.obj
d:\devgitlab\guidexos.hypervisor\guidexos.b8f4a8e1\x64\debug\test_page_fault.obj
d:\devgitlab\guidexos.hypervisor\guidexos.b8f4a8e1\x64\debug\test_new_instructions.obj
d:\devgitlab\guidexos.hypervisor\guidexos.b8f4a8e1\x64\debug\test_multi_cpu.obj
d:\devgitlab\guidexos.hypervisor\guidexos.b8f4a8e1\x64\debug\guidexos.b8f4a8e1.tlog\cl.command.1.tlog
d:\devgitlab\guidexos.hypervisor\guidexos.b8f4a8e1\x64\debug\guidexos.b8f4a8e1.tlog\cl.read.1.tlog
d:\devgitlab\guidexos.hypervisor\guidexos.b8f4a8e1\x64\debug\guidexos.b8f4a8e1.tlog\cl.write.1.tlog
