  ISO9660Parser.cpp
test_vm_reset.obj : warning LNK4006: main already defined in test_watchpoint.obj; second definition ignored
test_vm_isolation.obj : warning LNK4006: main already defined in test_watchpoint.obj; second definition ignored
test_vmmanager.obj : warning LNK4006: main already defined in test_watchpoint.obj; second definition ignored
test_vmconfig_serialization.obj : warning LNK4006: main already defined in test_watchpoint.obj; second definition ignored
test_syscall_dispatcher.obj : warning LNK4006: main already defined in test_watchpoint.obj; second definition ignored
test_scheduler_stepping.obj : warning LNK4006: main already defined in test_watchpoint.obj; second definition ignored
test_profiler.obj : warning LNK4006: main already defined in test_watchpoint.obj; second definition ignored
test_page_fault.obj : warning LNK4006: "void __cdecl printTest(char const *,bool)" (?printTest@@YAXPEBD_N@Z) already defined in test_watchpoint.obj; second definition ignored
test_new_instructions.obj : warning LNK4006: main already defined in test_watchpoint.obj; second definition ignored
test_multi_cpu.obj : warning LNK4006: main already defined in test_watchpoint.obj; second definition ignored
test_mov_imm.obj : warning LNK4006: main already defined in test_watchpoint.obj; second definition ignored
test_mmu.obj : warning LNK4006: "void __cdecl printTest(char const *,bool)" (?printTest@@YAXPEBD_N@Z) already defined in test_watchpoint.obj; second definition ignored
test_mmu.obj : warning LNK4006: main already defined in test_watchpoint.obj; second definition ignored
test_main.obj : warning LNK4006: "int testsRun" (?testsRun@@3HA) already defined in test_vm_reset.obj; second definition ignored
test_main.obj : warning LNK4006: "int testsPassed" (?testsPassed@@3HA) already defined in test_vm_reset.obj; second definition ignored
test_main.obj : warning LNK4006: main already defined in test_watchpoint.obj; second definition ignored
test_libc_bridge.obj : warning LNK4006: main already defined in test_watchpoint.obj; second definition ignored
test_kernel_bootstrap.obj : warning LNK4006: main already defined in test_watchpoint.obj; second definition ignored
test_isa_plugin.obj : warning LNK4006: main already defined in test_watchpoint.obj; second definition ignored
test_initramfs.obj : warning LNK4006: main already defined in test_watchpoint.obj; second definition ignored
test_fuzzer.obj : warning LNK4006: main already defined in test_watchpoint.obj; second definition ignored
test_elf_validation.obj : warning LNK4006: "void __cdecl printTest(char const *,bool)" (?printTest@@YAXPEBD_N@Z) already defined in test_watchpoint.obj; second definition ignored
test_elf_validation.obj : warning LNK4006: main already defined in test_watchpoint.obj; second definition ignored
test_debugger.obj : warning LNK4006: main already defined in test_watchpoint.obj; second definition ignored
test_cpu_execution.obj : warning LNK4006: main already defined in test_watchpoint.obj; second definition ignored
test_boot_state_machine.obj : warning LNK4006: main already defined in test_watchpoint.obj; second definition ignored
test_bootstrap.obj : warning LNK4006: main already defined in test_watchpoint.obj; second definition ignored
  guideXOS Hypervisor Core.vcxproj -> D:\devgitlab\guideXOS.Hypervisor\x64\Debug\guideXOS Hypervisor Core.lib
