  debug_harness.cpp
D:\devgitlab\guideXOS.Hypervisor\debug_harness.cpp(6,10): error C1083: Cannot open include file: 'cpu.h': No such file or directory
  main.cpp
D:\devgitlab\guideXOS.Hypervisor\main.cpp(4,10): error C1083: Cannot open include file: 'cpu_state.h': No such file or directory
  abi.cpp
D:\devgitlab\guideXOS.Hypervisor\src\abi\abi.cpp(1,10): error C1083: Cannot open include file: 'abi.h': No such file or directory
  cpu.cpp
D:\devgitlab\guideXOS.Hypervisor\src\core\cpu.cpp(1,10): error C1083: Cannot open include file: 'cpu_state.h': No such file or directory
  cpu_core.cpp
D:\devgitlab\guideXOS.Hypervisor\src\core\cpu_core.cpp(1,10): error C1083: Cannot open include file: 'cpu.h': No such file or directory
  decoder.cpp
D:\devgitlab\guideXOS.Hypervisor\src\decoder\decoder.cpp(1,10): error C1083: Cannot open include file: 'decoder.h': No such file or directory
  loader.cpp
D:\devgitlab\guideXOS.Hypervisor\src\loader\loader.cpp(1,10): error C1083: Cannot open include file: 'loader.h': No such file or directory
  memory.cpp
D:\devgitlab\guideXOS.Hypervisor\src\memory\memory.cpp(9,1): error C2653: 'Memory': is not a class or namespace name
D:\devgitlab\guideXOS.Hypervisor\src\memory\memory.cpp(9,9): error C4430: missing type specifier - int assumed. Note: C++ does not support default-int
D:\devgitlab\guideXOS.Hypervisor\src\memory\memory.cpp(11,1): error C2550: 'ia64::Memory': constructor initializer lists are only allowed on constructor definitions
D:\devgitlab\guideXOS.Hypervisor\src\memory\memory.cpp(15,1): warning C4508: 'ia64::Memory': function should return a value; 'void' return type assumed
D:\devgitlab\guideXOS.Hypervisor\src\memory\memory.cpp(17,6): error C2653: 'Memory': is not a class or namespace name
D:\devgitlab\guideXOS.Hypervisor\src\memory\memory.cpp(26,5): error C3861: 'checkBounds': identifier not found
D:\devgitlab\guideXOS.Hypervisor\src\memory\memory.cpp(27,18): error C2065: 'data_': undeclared identifier
D:\devgitlab\guideXOS.Hypervisor\src\memory\memory.cpp(30,6): error C2653: 'Memory': is not a class or namespace name
D:\devgitlab\guideXOS.Hypervisor\src\memory\memory.cpp(30,54): error C2039: 'vector': is not a member of 'std'
      C:\Program Files\Microsoft Visual Studio\2022\Community\VC\Tools\MSVC\14.44.35207\include\iomanip(22,1):
      see declaration of 'std'
  
D:\devgitlab\guideXOS.Hypervisor\src\memory\memory.cpp(30,43): error C4430: missing type specifier - int assumed. Note: C++ does not support default-int
D:\devgitlab\guideXOS.Hypervisor\src\memory\memory.cpp(30,60): error C2143: syntax error: missing ',' before '<'
D:\devgitlab\guideXOS.Hypervisor\src\memory\memory.cpp(31,25): error C2065: 'buffer': undeclared identifier
D:\devgitlab\guideXOS.Hypervisor\src\memory\memory.cpp(31,40): error C2065: 'buffer': undeclared identifier
D:\devgitlab\guideXOS.Hypervisor\src\memory\memory.cpp(31,5): error C2661: 'ia64::loadBuffer': no overloaded function takes 1 arguments
      D:\devgitlab\guideXOS.Hypervisor\src\memory\memory.cpp(31,5):
      while trying to match the argument list '(uint64_t)'
  
D:\devgitlab\guideXOS.Hypervisor\src\memory\memory.cpp(34,6): error C2653: 'Memory': is not a class or namespace name
D:\devgitlab\guideXOS.Hypervisor\src\memory\memory.cpp(34,14): error C2270: 'Read': modifiers not allowed on nonmember functions
D:\devgitlab\guideXOS.Hypervisor\src\memory\memory.cpp(43,5): error C3861: 'checkBounds': identifier not found
D:\devgitlab\guideXOS.Hypervisor\src\memory\memory.cpp(44,24): error C2065: 'data_': undeclared identifier
D:\devgitlab\guideXOS.Hypervisor\src\memory\memory.cpp(44,10): error C2660: 'memcpy': function does not take 2 arguments
      C:\Program Files\Microsoft Visual Studio\2022\Community\VC\Tools\MSVC\14.44.35207\include\vcruntime_string.h(43,15):
      see declaration of 'memcpy'
      D:\devgitlab\guideXOS.Hypervisor\src\memory\memory.cpp(44,10):
      while trying to match the argument list '(uint8_t *, size_t)'
  
D:\devgitlab\guideXOS.Hypervisor\src\memory\memory.cpp(47,6): error C2653: 'Memory': is not a class or namespace name
D:\devgitlab\guideXOS.Hypervisor\src\memory\memory.cpp(56,5): error C3861: 'checkBounds': identifier not found
D:\devgitlab\guideXOS.Hypervisor\src\memory\memory.cpp(57,18): error C2065: 'data_': undeclared identifier
D:\devgitlab\guideXOS.Hypervisor\src\memory\memory.cpp(60,6): error C2653: 'Memory': is not a class or namespace name
D:\devgitlab\guideXOS.Hypervisor\src\memory\memory.cpp(61,15): error C2065: 'data_': undeclared identifier
D:\devgitlab\guideXOS.Hypervisor\src\memory\memory.cpp(61,30): error C2065: 'data_': undeclared identifier
D:\devgitlab\guideXOS.Hypervisor\src\memory\memory.cpp(61,10): error C2672: 'std::fill': no matching overloaded function found
      C:\Program Files\Microsoft Visual Studio\2022\Community\VC\Tools\MSVC\14.44.35207\include\xutility(5286,19):
      could be 'void std::fill(const _FwdIt,const _FwdIt,const _Ty &)'
          D:\devgitlab\guideXOS.Hypervisor\src\memory\memory.cpp(61,10):
          'void std::fill(const _FwdIt,const _FwdIt,const _Ty &)': expects 3 arguments - 2 provided
  
D:\devgitlab\guideXOS.Hypervisor\src\memory\memory.cpp(64,6): error C2653: 'Memory': is not a class or namespace name
D:\devgitlab\guideXOS.Hypervisor\src\memory\memory.cpp(64,14): error C2270: 'checkBounds': modifiers not allowed on nonmember functions
D:\devgitlab\guideXOS.Hypervisor\src\memory\memory.cpp(66,5): error C2065: 'data_': undeclared identifier
D:\devgitlab\guideXOS.Hypervisor\src\memory\memory.cpp(67,5): error C2065: 'data_': undeclared identifier
D:\devgitlab\guideXOS.Hypervisor\src\memory\memory.cpp(70,20): error C2065: 'data_': undeclared identifier
D:\devgitlab\guideXOS.Hypervisor\src\memory\memory.cpp(73,46): error C2065: 'data_': undeclared identifier
D:\devgitlab\guideXOS.Hypervisor\src\memory\memory.cpp(77,26): error C2065: 'data_': undeclared identifier
D:\devgitlab\guideXOS.Hypervisor\src\memory\memory.cpp(81,46): error C2065: 'data_': undeclared identifier
  test_mov_imm.cpp
D:\devgitlab\guideXOS.Hypervisor\include\decoder.h(90,7): warning C4099: 'ia64::InstructionEx': type name first seen using 'struct' now seen using 'class'
  (compiling source file 'tests/test_mov_imm.cpp')
      D:\devgitlab\guideXOS.Hypervisor\include\decoder.h(90,7):
      see declaration of 'ia64::InstructionEx'
  
D:\devgitlab\guideXOS.Hypervisor\include\ICPU.h(9,8): warning C4099: 'ia64::InstructionEx': type name first seen using 'class' now seen using 'struct'
  (compiling source file 'tests/test_mov_imm.cpp')
      D:\devgitlab\guideXOS.Hypervisor\include\decoder.h(90,7):
      see declaration of 'ia64::InstructionEx'
  
  Generating Code...
