2026-06-28T07:14:36 BOOT_TRACE_BEGIN path="D:\dev\guideXOS_Emulator\cmake-build-vs18\bin\Debug\logs\boot-trace-20260628-071436.log"
2026-06-28T07:14:36 BOOT_STAGE_100 First bundle fetched bundleIP=0x1000 template=0x10 instructionCount=1 bytes=00 00 00 00 00 00 00 00 00 00 00 00 00 00 00 00 ip=0x1000 r1_gp=0x0 r8_ret=0x0 r12_sp=0x0 r32=0x0 r33=0x0 br0=0x0 br6=0x0 cfm=0x0 psr=0x0
2026-06-28T07:14:36 BOOT_STAGE_110 First instruction decoded ip=0x1000 slot=0 type=72 raw=0x1 disasm="br.cond 0x2000" ip=0x1000 r1_gp=0x0 r8_ret=0x0 r12_sp=0x0 r32=0x0 r33=0x0 br0=0x0 br6=0x0 cfm=0x0 psr=0x0
2026-06-28T07:14:36 BOOT_STAGE_120 First branch/call observed kind=conditional callerIP=0x1000 slot=0 srcBR=b0 srcValue=0x0 dstBR=b0 target=0x2000 normalized=0x2000 predicate=p1 livePredicate=true oldR1=0x0 newR1=0x0 oldBRs=[b0=0x0,b1=0x0,b2=0x0,b3=0x0,b4=0x0,b5=0x0,b6=0x0,b7=0x0] newBRs=[b0=0x0,b1=0x0,b2=0x0,b3=0x0,b4=0x0,b5=0x0,b6=0x0,b7=0x0] disasm="br.cond 0x2000" ip=0x1000 r1_gp=0x0 r8_ret=0x0 r12_sp=0x0 r32=0x0 r33=0x0 br0=0x0 br6=0x0 cfm=0x0 psr=0x0
2026-06-28T07:14:36 BOOT_EVENT FIRST_CALL_OBSERVED kind=call callerIP=0x1000 slot=0 srcBR=b0 srcValue=0x0 dstBR=b5 target=0xFE0 normalized=0xFE0 predicate=p0 livePredicate=true oldR1=0x0 newR1=0x0 oldBRs=[b0=0x0,b1=0x0,b2=0x0,b3=0x0,b4=0x0,b5=0x0,b6=0x0,b7=0x0] newBRs=[b0=0x0,b1=0x0,b2=0x0,b3=0x0,b4=0x0,b5=0x0,b6=0x0,b7=0x0] disasm="br.call b5 = 0xfe0" ip=0x1000 r1_gp=0x0 r8_ret=0x0 r12_sp=0x0 r32=0x0 r33=0x0 br0=0x0 br6=0x0 cfm=0x0 psr=0x0
2026-06-28T07:14:36 BOOT_STAGE_130 First EFI service call observed service="EFI.GenericSuccess" callerIP=0x1000 descriptor=0x1FE00FC0 code=0x1FE00F80 gp=0x0 args=[0x0,0x0,0x0,0x0,0x0,0x0] status=0x0 statusName="EFI_SUCCESS" descriptorName="Success descriptor"
2026-06-28T07:14:36 BOOT_EVENT EFI_CALL service="EFI.GenericSuccess" callerIP=0x1000 descriptor=0x1FE00FC0 code=0x1FE00F80 gp=0x0 args=[0x0,0x0,0x0,0x0,0x0,0x0] status=0x0 statusName="EFI_SUCCESS" descriptorName="Success descriptor"
2026-06-28T07:14:36 BOOT_EVENT EFI_CALL service="BootServices.HandleProtocol" callerIP=0x1A50 descriptor=0x1FE00EC0 code=0x1FE00E80 gp=0x0 args=[0x0,0x3000,0x4000,0x0,0x0,0x0] status=0x0 statusName="EFI_SUCCESS" descriptorName="HandleProtocol descriptor"
2026-06-28T07:14:36 BOOT_EVENT EFI_SIMPLEFS_CONTEXT_RESTORED slot=0x4008 value=0x1FE00D00 interfaceOut=0x4000
2026-06-28T07:14:36 BOOT_EVENT EFI_CALL service="BootServices.HandleProtocol" callerIP=0x1CC0 descriptor=0x1FE00EC0 code=0x1FE00E80 gp=0x0 args=[0x0,0x3000,0x4000,0x0,0x0,0x0] status=0x0 statusName="EFI_SUCCESS" descriptorName="HandleProtocol descriptor"
2026-06-28T07:14:36 BOOT_EVENT EFI_CALL service="BootServices.HandleProtocol" callerIP=0x1A50 descriptor=0x1FE00EC0 code=0x1FE00E80 gp=0x0 args=[0x0,0x3000,0x4000,0x0,0x0,0x0] status=0x0 statusName="EFI_SUCCESS" descriptorName="HandleProtocol descriptor"
2026-06-28T07:14:36 BOOT_EVENT EFI_SIMPLEFS_CONTEXT_RESTORED slot=0x4008 value=0x1FE00D00 interfaceOut=0x4000
2026-06-28T07:14:36 BOOT_EVENT EFI_CALL service="BootServices.HandleProtocol" callerIP=0x1CC0 descriptor=0x1FE00EC0 code=0x1FE00E80 gp=0x0 args=[0x0,0x3000,0x4000,0x0,0x0,0x0] status=0x0 statusName="EFI_SUCCESS" descriptorName="HandleProtocol descriptor"
2026-06-28T07:14:36 BOOT_EVENT EFI_CALL service="SimpleFS.OpenVolume" callerIP=0x30E40 descriptor=0x1FE00CC0 code=0x1FE00C80 gp=0x0 args=[0x0,0x5000,0x0,0x0,0x0,0x0] status=0x0 statusName="EFI_SUCCESS" descriptorName="OpenVolume descriptor"
2026-06-28T07:14:36 BOOT_EVENT EFI_CALL service="BootServices.LocateHandle" callerIP=0x30E40 descriptor=0x1FE01740 code=0x1FE01700 gp=0x0 args=[0x0,0x0,0x5000,0x6000,0x0,0x0] status=0x0 statusName="EFI_SUCCESS" descriptorName="BootServices.LocateHandle descriptor"
2026-06-28T07:14:36 BOOT_EVENT EFI_CALL service="FileProtocol.Open" callerIP=0x30E40 descriptor=0x1FE01440 code=0x1FE01400 gp=0x0 args=[0x1FE01040,0x5000,0x6000,0x1,0x0,0x0] status=0x800000000000000C statusName="EFI_NO_MEDIA" descriptorName="FileProtocol.Open descriptor"
2026-06-28T07:14:36 BOOT_STAGE_140 First console/GOP/serial output observed path=SimpleTextOut.OutputString this=0x1FE01200 stringAddress=0x6000 text="Boot" consoleMirror=0x0 framebufferMirror=0xB8000000 calls=1
2026-06-28T07:14:36 BOOT_EVENT VISIBLE_OUTPUT path=SimpleTextOut.OutputString this=0x1FE01200 stringAddress=0x6000 text="Boot" consoleMirror=0x0 framebufferMirror=0xB8000000 calls=1
2026-06-28T07:14:36 BOOT_EVENT EFI_CALL service="SimpleTextOut.OutputString" callerIP=0x30E40 descriptor=0x1FE012C0 code=0x1FE01280 gp=0x0 args=[0x1FE01200,0x6000,0x0,0x0,0x0,0x0] status=0x0 statusName="EFI_SUCCESS" descriptorName="SimpleTextOut.OutputString descriptor"
2026-06-28T07:14:36 BOOT_EVENT EFI_CALL service="BootServices.AllocatePool" callerIP=0xA210 descriptor=0x1FE00E40 code=0x1FE00E00 gp=0x0 args=[0x0,0x30,0x5000,0x0,0x0,0x0] status=0x0 statusName="EFI_SUCCESS" descriptorName="AllocatePool descriptor"
2026-06-28T07:14:36 BOOT_EVENT EFI_CALL service="RuntimeServices.GetVariable" callerIP=0x2EE50 descriptor=0x1FE00DC0 code=0x1FE00D80 gp=0x0 args=[0x6000,0x7000,0x9000,0x8000,0xA000,0x0] status=0x800000000000000E statusName="EFI_NOT_FOUND" descriptorName="GetVariable descriptor"
2026-06-28T07:14:36 BOOT_EVENT EFI_CALL service="RuntimeServices.GetVariable" callerIP=0x2EE50 descriptor=0x1FE00DC0 code=0x1FE00D80 gp=0x0 args=[0x6000,0x7000,0x9000,0x8000,0xA000,0x0] status=0x0 statusName="EFI_SUCCESS" descriptorName="GetVariable descriptor"
2026-06-28T07:14:36 BOOT_EVENT EFI_CALL service="RuntimeServices.GetVariable" callerIP=0x2EE50 descriptor=0x1FE00DC0 code=0x1FE00D80 gp=0x0 args=[0x6000,0x7000,0x0,0x8000,0x0,0x0] status=0x8000000000000005 statusName="EFI_BUFFER_TOO_SMALL" descriptorName="GetVariable descriptor"
2026-06-28T07:14:36 BOOT_EVENT EFI_CALL service="RuntimeServices.GetVariable" callerIP=0x2EE50 descriptor=0x1FE00DC0 code=0x1FE00D80 gp=0x0 args=[0x6000,0x7000,0x9000,0x8000,0xA000,0x0] status=0x0 statusName="EFI_SUCCESS" descriptorName="GetVariable descriptor"
2026-06-28T07:14:36 BOOT_EVENT EFI_CALL service="RuntimeServices.GetVariable" callerIP=0x1B00 descriptor=0x1FE00DC0 code=0x1FE00D80 gp=0x0 args=[0x6000,0x7000,0x0,0x8000,0xA000,0x0] status=0x8000000000000005 statusName="EFI_BUFFER_TOO_SMALL" descriptorName="GetVariable descriptor"
2026-06-28T07:14:36 BOOT_EVENT FIRST_MEMORY_ACCESS_OUTSIDE_NORMAL_RANGE access=read address=0xFFFF00000004 size=0x8 guestMemorySize=0x10000
2026-06-28T07:14:36 BOOT_EVENT FIRST_FAULT_TRAP kind=instruction_execute ip=0x1000 slot=0 targetAddress=0xFFFF00000004 disasm="ld8 r14 = [r8], 8" reason="Memory address 0xffff00000004 out of bounds (size: 0x10000)" ip=0x1000 r1_gp=0x0 r8_ret=0xFFFF00000004 r12_sp=0x0 r32=0x0 r33=0x0 br0=0x0 br6=0x0 cfm=0x0 psr=0x0
2026-06-28T07:14:36 BOOT_EVENT FIRST_FAULT_REGISTER_HISTORY ip=0x1000 slot=0 disasm="ld8 r14 = [r8], 8" baseBefore=0xFFFF00000004 r1=0x0 r12=0x0 recent-r16-r17-writes=<empty>
