[2026-06-28T07:14:36] native stdout logging started
Log file: D:\dev\guideXOS_Emulator\cmake-build-vs18\bin\Debug\logs\native-20260628-071436.log
[IP=0x1000, Slot=0] br.cond 0x2000
[IP=0x1000, Slot=0] br.cond 0x2000
  ? False-predicated branch falls through; true predicate branches

Testing IA-64 counted loop branch execution...
[IP=0x1000, Slot=0] br.cloop 0x1000
[IP=0x1000, Slot=0] br.cloop 0x1000
  ? br.cloop decrements ar.lc and falls through at zero

Testing IA-64 call-decoded counted loop execution...
[IP=0x1000, Slot=0] br.call b5 = 0xfe0
[IP=0x1000, Slot=0] br.call b5 = 0xfe0
[IP=0x1000, Slot=0] br.call b5 = 0x1000
[IP=0x1000, Slot=0] br.call b5 = 0x1000
  ? backward/self br.call b5 uses ar.lc and does not link

Testing IA-64 branch predicate visibility across instruction groups...
[IP=0x1000, Slot=0] cmp.eq p1, p2 = r0, r0
[IP=0x1000, Slot=1] br.cond 0x2000
[IP=0x1000, Slot=0] cmp.eq p1, p2 = r0, r0
[IP=0x1000, Slot=1] br.cond 0x2000
  ? Same-group predicate write is visible to branches with or without a stop

Testing IA-64 non-branch predicate visibility across instruction groups...
[IP=0x1000, Slot=0] cmp.eq p1, p2 = r0, r0
[IP=0x1000, Slot=1] st8 [r10] = r11
[IP=0x1000, Slot=0] cmp.eq p1, p2 = r0, r0
[IP=0x1000, Slot=1] st8 [r10] = r11
  ? Same-group predicate write is deferred for stores; stop makes it visible

Testing IA-64 add imm22 decode...
  ? add imm22 raw boot slot decodes and executes

Testing IA-64 addl imm22 source decode...
  ? addl imm22 uses 2-bit r3 field instead of immediate bits

Testing IA-64 plugin indirect br.call through b0 transfers to the target bundle...
[IP=0x1000, Slot=0] br.call b4 = b0
[IA64-DESC] indirect br.call callerIP=0x1000 srcBR=b0 srcValue=0x2408 target=0x2408 interpretedAs=invalid descriptor=0x2408 readable=no descriptorCode=0x0 resolvedCode=0x2408 descriptorGp=0x0 oldR1=0x0 newR1=0x0 returnBR=b4 region=image-or-guest
[IP=0x2400, Slot=0] mov r8 = 0x1122334455667788
  ? br.call b4 = b0 reaches the target bundle and does not fall through

Testing IA-64 return branch decode...
  ? raw boot return branch decodes as br.ret b0

Testing IA-64 indirect call decode...
  ? raw boot indirect service call decodes through b6 and links b0

Testing IA-64 hinted indirect self-call decode...
  ? raw boot hinted br.call b0 = b0 decodes as call, not cond

Testing IA-64 nop decode variants...
  ? raw boot NOP slot decodes on I and B units

Testing IA-64 move from branch register decode...
  ? raw boot branch-register move decodes as mov r62 = b0

Testing IA-64 move to application register decode...
  ? raw boot mov.i ar.lc = r14 decodes and updates ar.lc

Testing IA-64 adds imm14 decode...
  ? raw boot stack adjustment decodes and executes

Testing IA-64 MLX movl boot bundle decode...
  ? raw boot MLX bundle decodes movl r36 = -0x238000

Testing IA-64 legacy call output/input register bridge...
[IA64-RSE] alloc ip=0x2000 dst=r60 oldCFM=0x206 oldPFS=0x0 sof=36 sol=31 sor=0 newCFM=0xfa4
  ? caller outputs become callee input registers after alloc

Testing IA-64 legacy alloc preserves previous frame state...
[IA64-RSE] alloc ip=0x0 dst=r60 oldCFM=0x206 oldPFS=0x0 sof=10 sol=5 sor=2 newCFM=0x828a
  ? alloc preserves ar.pfs and updates the current frame

Testing IA-64 legacy alloc rejects invalid frame sizes...
[WARN ] [EXEC-ERR] Exception at IP=0x0 Slot=0 (alloc r60 = ar.pfs, 10, 12, 2): ALLOC frame size invalid
  ? invalid alloc frame sizes fail safely

Testing IA-64 legacy call-decoded counted loop execution...
[IP=0x1000, Slot=0] br.call b5 = 0xfe0
[IP=0x1000, Slot=0] br.call b5 = 0xfe0
[IP=0x1000, Slot=0] br.call b5 = 0x1000
[IP=0x1000, Slot=0] br.call b5 = 0x1000
  ? legacy backward/self br.call b5 uses ar.lc and does not link

Testing IA-64 legacy indirect branch execution...
[IP=0x1000, Slot=0] br.cond b6
  ? legacy br.cond b6 enters at the target bundle boundary

Testing IA-64 legacy indirect call execution...
  ? legacy br.call b0 = b6 links b0 and enters at the target bundle boundary

Testing IA-64 plugin call output/input register bridge...
[IP=0x1000, Slot=0] br.call b0 = 0x2000
[IP=0x2000, Slot=0] alloc r60 = ar.pfs, 36, 31, 0
[IA64-RSE] alloc ip=0x2000 dst=r60 oldCFM=0x206 oldPFS=0x0 sof=36 sol=31 sor=0 newCFM=0xfa4
[IP=0x2000, Slot=1] add r36 = r0, r0
[IP=0x2010, Slot=0] br.ret b0
  ? plugin br.call passes inputs and br.ret restores caller frame

Testing IA-64 plugin call-frame restore skips stale frames...
[IP=0x1000, Slot=0] br.call b0 = 0x2000
[IP=0x2000, Slot=0] alloc r50 = ar.pfs, 8, 6, 0
[IA64-RSE] alloc ip=0x2000 dst=r50 oldCFM=0x206 oldPFS=0x0 sof=8 sol=6 sor=0 newCFM=0x308
[IP=0x2000, Slot=1] br.call b0 = 0x3000
[IP=0x3000, Slot=0] alloc r51 = ar.pfs, 5, 3, 0
[IA64-RSE] alloc ip=0x3000 dst=r51 oldCFM=0x308 oldPFS=0x206 sof=5 sol=3 sor=0 newCFM=0x185
[IP=0x3000, Slot=1] mov b0 = r40
[IP=0x3000, Slot=2] br.ret b0
  ? returning to an older saved address restores the matching caller frame

Testing IA-64 plugin indirect branch execution...
[IP=0x1000, Slot=0] br.cond b6
  ? plugin br.cond b6 enters at the target bundle boundary

Testing IA-64 plugin EFI service thunk return link...
[IP=0x1990, Slot=0] br.cond b6
[IA64-BR] thunk br.cond b6 resolved via b6=0x1fe00f80 callerIP=0x1990
  ? plugin EFI br.cond b6 thunk links b0 for service return

Testing IA-64 plugin EFI thunk return preserves outer call frame...
[IP=0x1000, Slot=0] br.call b0 = 0x1990
[IP=0x1990, Slot=0] mov r61 = r1
[IP=0x1990, Slot=1] br.cond b6
[IA64-BR] thunk br.cond b6 resolved via b6=0x1fe00f80 callerIP=0x1990
[IP=0x1fe00f80, Slot=0] br.ret b0
  ? EFI service br.ret does not restore an unrelated br.call frame

Testing IA-64 plugin indirect call execution...
[IP=0x1000, Slot=0] br.call b0 = b6
[IA64-DESC] indirect br.call callerIP=0x1000 srcBR=b6 srcValue=0x2408 target=0x2408 interpretedAs=invalid descriptor=0x2408 readable=no descriptorCode=0x0 resolvedCode=0x2408 descriptorGp=0x0 oldR1=0x0 newR1=0x0 returnBR=b0 region=image-or-guest
  ? plugin br.call b0 = b6 links b0 and enters at the target bundle boundary

Testing IA-64 plugin direct br.call return branch selection...
[IP=0x1000, Slot=0] br.call b4 = 0x2408
  ? direct br.call writes the chosen return branch register b4

Testing IA-64 plugin indirect br.call through b0...
[IP=0x1000, Slot=0] br.call b4 = b0
[IA64-DESC] indirect br.call callerIP=0x1000 srcBR=b0 srcValue=0x2408 target=0x2408 interpretedAs=invalid descriptor=0x2408 readable=no descriptorCode=0x0 resolvedCode=0x2408 descriptorGp=0x0 oldR1=0x0 newR1=0x0 returnBR=b4 region=image-or-guest
  ? indirect br.call b4 = b0 uses b0 as target and links b4

Testing IA-64 plugin null indirect br.call ignores unrelated descriptor data...
[IP=0x1000, Slot=0] br.call b4 = b0
[IA64-DESC] indirect br.call callerIP=0x1000 srcBR=b0 srcValue=0x0 target=0x0 interpretedAs=null descriptor=0x0 readable=no descriptorCode=0x0 resolvedCode=0x0 descriptorGp=0x0 oldR1=0x0 newR1=0x0 returnBR=b4 region=unknown
[EFI-STUB] indirect br.call target is null; returning EFI_SUCCESS
  ? null indirect br.call stays null even when r8 points at a descriptor

Testing IA-64 plugin generic success stub avoids r8 descriptor probing...
[IP=0x1000, Slot=0] br.call b4 = b0
[IA64-DESC] indirect br.call callerIP=0x1000 srcBR=b0 srcValue=0x1fe00f80 target=0x1fe00f80 interpretedAs=known-stub-code descriptor=0x1fe00fc0 readable=yes descriptorCode=0x0 resolvedCode=0x1fe00f80 descriptorGp=0x0 oldR1=0x0 newR1=0x0 returnBR=b4 region=efi-table
[EFI-STUB] generic success service callsite=0x1000 target=0x1fe00f80 descriptorCandidate=0x1fe00fc0 [Success descriptor] slotCandidate[r9]=0x0 receiver[r32]=0x0 r14=0x0 -> EFI_SUCCESS
[EFI-CALL] service=EFI.GenericSuccess callerIP=0x1000 descriptor=0x1fe00fc0 code=0x1fe00f80 gp(r1)=0x0 args=[0x0,0x0,0x0,0x0,0x0,0x0] status=0x0 (EFI_SUCCESS) descriptorName="Success descriptor" descriptorBytes=00 00 00 00 00 00 00 00 00 00 00 00 00 00 00 00
  ? generic EFI success stub uses the actual stub descriptor, not r8-derived bytes

Testing IA-64 plugin branch-register move round trip...
[IP=0x1000, Slot=0] mov b0 = r37
[IP=0x1000, Slot=1] mov r10 = b0
  ? mov bN = rN and mov rN = bN preserve exact 64-bit values

Testing IA-64 plugin indirect call through function descriptor...
[IP=0x1000, Slot=0] br.call b0 = b6
[IA64-DESC] indirect br.call callerIP=0x1000 srcBR=b6 srcValue=0x4000 target=0x4000 interpretedAs=descriptor descriptor=0x4000 readable=yes descriptorCode=0x2000 resolvedCode=0x2000 descriptorGp=0x238000 oldR1=0x185 newR1=0x238000 returnBR=b0 region=image-or-guest
  ? indirect br.call resolves IA-64 function descriptors to code and gp

Testing IA-64 plugin indirect call ignores invalid descriptor GP...
[IP=0x1000, Slot=0] br.call b0 = b6
[IA64-DESC] indirect br.call callerIP=0x1000 srcBR=b6 srcValue=0x4000 target=0x4000 interpretedAs=invalid descriptor=0x4000 readable=no descriptorCode=0x0 resolvedCode=0x4000 descriptorGp=0x1234567890abcdef oldR1=0x185 newR1=0x185 returnBR=b0 region=image-or-guest
  ? invalid descriptor probes no longer clobber GP

Testing IA-64 plugin direct call to function descriptor...
[IP=0x1000, Slot=0] br.call b0 = 0x4000
[IA64-DESC] direct branch target descriptor=0x4000 resolvedCode=0x2000 descriptorGp=0x238000 oldR1=0x185 newR1=0x238000
  ? direct br.call resolves IA-64 function descriptors to code and gp

Testing IA-64 plugin fetch bundle redirect from function descriptor...
[IA64-DESC] fetch bundle descriptor ip=0x2000 resolvedCode=0x2000 descriptorGp=0x238000 oldR1=0x185 newR1=0x238000
[IP=0x2000, Slot=0] nop
  ? fetchBundle redirects descriptor bundles to executable code and gp

Testing IA-64 plugin zero-filled firmware call handling...
[IP=0x1000, Slot=0] br.call b0 = b6
[IA64-DESC] indirect br.call callerIP=0x1000 srcBR=b6 srcValue=0x1ff92fa8 target=0x1ff92fa8 interpretedAs=invalid descriptor=0x1ff92fa8 readable=no descriptorCode=0x0 resolvedCode=0x1ff92fa8 descriptorGp=0x0 oldR1=0x0 newR1=0x0 returnBR=b0 region=efi-table
[EFI-STUB] indirect br.call target 0x1ff92fa8 is zero-filled handoff memory; returning EFI_SUCCESS
  ? zero-filled high-memory br.call returns EFI_SUCCESS instead of exiting or walking NOPs

Testing IA-64 plugin null firmware call handling...
[IP=0x30e40, Slot=0] br.call b0 = b6
[IA64-DESC] indirect br.call callerIP=0x30e40 srcBR=b6 srcValue=0x0 target=0x0 interpretedAs=null descriptor=0x0 readable=no descriptorCode=0x0 resolvedCode=0x0 descriptorGp=0x0 oldR1=0x0 newR1=0x0 returnBR=b0 region=image-or-guest
[EFI-STUB] indirect br.call target is null; returning EFI_SUCCESS
  ? null indirect br.call returns EFI_SUCCESS instead of entering IP zero

Testing IA-64 plugin HandleProtocol firmware stub...
[IP=0x1a50, Slot=0] br.call b0 = b0
[IA64-DESC] indirect br.call callerIP=0x1a50 srcBR=b0 srcValue=0x1fe00e80 target=0x1fe00e80 interpretedAs=known-stub-code descriptor=0x1fe00ec0 readable=yes descriptorCode=0x0 resolvedCode=0x1fe00e80 descriptorGp=0x0 oldR1=0x0 newR1=0x0 returnBR=b0 region=efi-table
[EFI-STUB] BootServices.HandleProtocol guid=0x3000 [a1:31:1b:5b:62:95:d2:11:8e:3f:00:a0:c9:69:72:3b] returned LoadedImageProtocol=0x1fe00d00 via out=0x4000 outValue=0x1fe00d00 outBytes=00 0d e0 1f 00 00 00 00 00 00 00 00 00 00 00 00 handle=0x0 callsite=0x1a50 LoadedImage{addr=0x1fe00d00 Revision=0x0 ParentHandle=0x0 SystemTable=0x0 DeviceHandle=0x0 FilePath=0x0 LoadOptionsSize=0x0 LoadOptions=0x0 ImageBase=0x0 ImageSize=0x0 CodeType=0x0 DataType=0x0 Unload=0x0 Ext60=0x0 Ext68=0x0 FilePathNodes=null LoadOptions=empty}
[EFI-CALL] service=BootServices.HandleProtocol callerIP=0x1a50 descriptor=0x1fe00ec0 code=0x1fe00e80 gp(r1)=0x0 args=[0x0,0x3000,0x4000,0x0,0x0,0x0] status=0x0 (EFI_SUCCESS) descriptorName="HandleProtocol descriptor" descriptorBytes=00 00 00 00 00 00 00 00 00 00 00 00 00 00 00 00
  ? HandleProtocol writes a minimal LoadedImageProtocol pointer and returns EFI_SUCCESS

Testing IA-64 plugin HandleProtocol SimpleFileSystem stub...
[IP=0x1cc0, Slot=0] br.call b0 = b0
[IA64-DESC] indirect br.call callerIP=0x1cc0 srcBR=b0 srcValue=0x1fe00e80 target=0x1fe00e80 interpretedAs=known-stub-code descriptor=0x1fe00ec0 readable=yes descriptorCode=0x0 resolvedCode=0x1fe00e80 descriptorGp=0x0 oldR1=0x0 newR1=0x0 returnBR=b0 region=efi-table
[EFI-STUB] SimpleFS.HandleProtocol restored adjacent LoadedImage context slot=0x4008 value=0x1fe00d00 interfaceOut=0x4000
[EFI-STUB] BootServices.HandleProtocol guid=0x3000 [22:5b:4e:96:59:64:d2:11:8e:39:00:a0:c9:69:72:3b] returned SimpleFileSystemProtocol=0x1fe01000 via out=0x4000 outValue=0x1fe01000 outBytes=00 10 e0 1f 00 00 00 00 00 0d e0 1f 00 00 00 00 handle=0x0 callsite=0x1cc0 SimpleFS{addr=0x1fe01000 Revision=0x0 OpenVolume=0x0} latestLoadedImage=LoadedImage{addr=0x1fe00d00 Revision=0x0 ParentHandle=0x0 SystemTable=0x0 DeviceHandle=0x0 FilePath=0x0 LoadOptionsSize=0x0 LoadOptions=0x0 ImageBase=0x0 ImageSize=0x0 CodeType=0x0 DataType=0x0 Unload=0x0 Ext60=0x0 Ext68=0x0 FilePathNodes=null LoadOptions=empty} expectedSimpleFsTable=0x1fe01000 simpleFsTableBytes32=00 00 00 00 00 00 00 00 00 00 00 00 00 00 00 00 00 00 00 00 00 00 00 00 00 00 00 00 00 00 00 00 expectedOpenVolumeDescriptor=0x1fe00cc0 openVolumeDescriptorBytes32=00 00 00 00 00 00 00 00 00 00 00 00 00 00 00 00 00 00 00 00 00 00 00 00 00 00 00 00 00 00 00 00 lastIndirectDescriptor=0x1fe00ec0 lastIndirectDescriptorBytes32=00 00 00 00 00 00 00 00 00 00 00 00 00 00 00 00 00 00 00 00 00 00 00 00 00 00 00 00 00 00 00 00
[EFI-CALL] service=BootServices.HandleProtocol callerIP=0x1cc0 descriptor=0x1fe00ec0 code=0x1fe00e80 gp(r1)=0x0 args=[0x0,0x3000,0x4000,0x0,0x0,0x0] status=0x0 (EFI_SUCCESS) descriptorName="HandleProtocol descriptor" descriptorBytes=00 00 00 00 00 00 00 00 00 00 00 00 00 00 00 00
  ? HandleProtocol writes a minimal SimpleFileSystem pointer and returns EFI_SUCCESS

Testing IA-64 plugin HandleProtocol zero-GUID boot fallbacks...
[IP=0x1a50, Slot=0] br.call b0 = b0
[IA64-DESC] indirect br.call callerIP=0x1a50 srcBR=b0 srcValue=0x1fe00e80 target=0x1fe00e80 interpretedAs=known-stub-code descriptor=0x1fe00ec0 readable=yes descriptorCode=0x0 resolvedCode=0x1fe00e80 descriptorGp=0x0 oldR1=0x0 newR1=0x0 returnBR=b0 region=efi-table
[EFI-STUB] BootServices.HandleProtocol guid=0x3000 [a1:31:1b:5b:62:95:d2:11:8e:3f:00:a0:c9:69:72:3b] returned LoadedImageProtocol=0x1fe00d00 via out=0x4000 outValue=0x1fe00d00 outBytes=00 0d e0 1f 00 00 00 00 00 00 00 00 00 00 00 00 handle=0x0 callsite=0x1a50 repairedZeroGuidAs=LoadedImageProtocol LoadedImage{addr=0x1fe00d00 Revision=0x0 ParentHandle=0x0 SystemTable=0x0 DeviceHandle=0x0 FilePath=0x0 LoadOptionsSize=0x0 LoadOptions=0x0 ImageBase=0x0 ImageSize=0x0 CodeType=0x0 DataType=0x0 Unload=0x0 Ext60=0x0 Ext68=0x0 FilePathNodes=null LoadOptions=empty}
[EFI-CALL] service=BootServices.HandleProtocol callerIP=0x1a50 descriptor=0x1fe00ec0 code=0x1fe00e80 gp(r1)=0x0 args=[0x0,0x3000,0x4000,0x0,0x0,0x0] status=0x0 (EFI_SUCCESS) descriptorName="HandleProtocol descriptor" descriptorBytes=00 00 00 00 00 00 00 00 00 00 00 00 00 00 00 00
[IP=0x1cc0, Slot=0] br.call b0 = b0
[IA64-DESC] indirect br.call callerIP=0x1cc0 srcBR=b0 srcValue=0x1fe00e80 target=0x1fe00e80 interpretedAs=known-stub-code descriptor=0x1fe00ec0 readable=yes descriptorCode=0x0 resolvedCode=0x1fe00e80 descriptorGp=0x0 oldR1=0x0 newR1=0x0 returnBR=b0 region=efi-table
[EFI-STUB] SimpleFS.HandleProtocol restored adjacent LoadedImage context slot=0x4008 value=0x1fe00d00 interfaceOut=0x4000
[EFI-STUB] BootServices.HandleProtocol guid=0x3000 [22:5b:4e:96:59:64:d2:11:8e:39:00:a0:c9:69:72:3b] returned SimpleFileSystemProtocol=0x1fe01000 via out=0x4000 outValue=0x1fe01000 outBytes=00 10 e0 1f 00 00 00 00 00 0d e0 1f 00 00 00 00 handle=0x0 callsite=0x1cc0 repairedZeroGuidAs=SimpleFileSystemProtocol SimpleFS{addr=0x1fe01000 Revision=0x0 OpenVolume=0x0} latestLoadedImage=LoadedImage{addr=0x1fe00d00 Revision=0x0 ParentHandle=0x0 SystemTable=0x0 DeviceHandle=0x0 FilePath=0x0 LoadOptionsSize=0x0 LoadOptions=0x0 ImageBase=0x0 ImageSize=0x0 CodeType=0x0 DataType=0x0 Unload=0x0 Ext60=0x0 Ext68=0x0 FilePathNodes=null LoadOptions=empty} expectedSimpleFsTable=0x1fe01000 simpleFsTableBytes32=00 00 00 00 00 00 00 00 00 00 00 00 00 00 00 00 00 00 00 00 00 00 00 00 00 00 00 00 00 00 00 00 expectedOpenVolumeDescriptor=0x1fe00cc0 openVolumeDescriptorBytes32=00 00 00 00 00 00 00 00 00 00 00 00 00 00 00 00 00 00 00 00 00 00 00 00 00 00 00 00 00 00 00 00 lastIndirectDescriptor=0x1fe00ec0 lastIndirectDescriptorBytes32=00 00 00 00 00 00 00 00 00 00 00 00 00 00 00 00 00 00 00 00 00 00 00 00 00 00 00 00 00 00 00 00
[EFI-CALL] service=BootServices.HandleProtocol callerIP=0x1cc0 descriptor=0x1fe00ec0 code=0x1fe00e80 gp(r1)=0x0 args=[0x0,0x3000,0x4000,0x0,0x0,0x0] status=0x0 (EFI_SUCCESS) descriptorName="HandleProtocol descriptor" descriptorBytes=00 00 00 00 00 00 00 00 00 00 00 00 00 00 00 00
  ? zeroed protocol GUIDs at known boot call sites are repaired and map to the expected safe stubs

Testing IA-64 plugin SimpleFileSystem OpenVolume stub...
[IP=0x30e40, Slot=0] br.call b0 = b6
[IA64-DESC] indirect br.call callerIP=0x30e40 srcBR=b6 srcValue=0x1fe00c80 target=0x1fe00c80 interpretedAs=known-stub-code descriptor=0x1fe00cc0 readable=yes descriptorCode=0x0 resolvedCode=0x1fe00c80 descriptorGp=0x0 oldR1=0x0 newR1=0x0 returnBR=b0 region=efi-table
[EFI-MILESTONE] first OpenVolume call callerIP=0x30e40
[EFI-STUB] SimpleFileSystem.OpenVolume rootOut=0x5000 -> FileProtocol=0x1fe01040
[EFI-CALL] service=SimpleFS.OpenVolume callerIP=0x30e40 descriptor=0x1fe00cc0 code=0x1fe00c80 gp(r1)=0x0 args=[0x0,0x5000,0x0,0x0,0x0,0x0] status=0x0 (EFI_SUCCESS) descriptorName="OpenVolume descriptor" descriptorBytes=00 00 00 00 00 00 00 00 00 00 00 00 00 00 00 00
  ? OpenVolume writes a root FileProtocol pointer and returns EFI_SUCCESS

Testing IA-64 plugin BootServices LocateHandle stub...
[IP=0x30e40, Slot=0] br.call b0 = b6
[IA64-DESC] indirect br.call callerIP=0x30e40 srcBR=b6 srcValue=0x1fe01700 target=0x1fe01700 interpretedAs=known-stub-code descriptor=0x1fe01740 readable=yes descriptorCode=0x0 resolvedCode=0x1fe01700 descriptorGp=0x0 oldR1=0x0 newR1=0x0 returnBR=b0 region=efi-table
[EFI-CALL] service=BootServices.LocateHandle callerIP=0x30e40 descriptor=0x1fe01740 code=0x1fe01700 gp(r1)=0x0 args=[0x0,0x0,0x5000,0x6000,0x0,0x0] status=0x0 (EFI_SUCCESS) descriptorName="BootServices.LocateHandle descriptor" descriptorBytes=00 00 00 00 00 00 00 00 00 00 00 00 00 00 00 00
  ? LocateHandle writes a minimal handle list and returns EFI_SUCCESS

Testing IA-64 plugin FileProtocol Open without backing media...
[IP=0x30e40, Slot=0] br.call b0 = b6
[IA64-DESC] indirect br.call callerIP=0x30e40 srcBR=b6 srcValue=0x1fe01400 target=0x1fe01400 interpretedAs=known-stub-code descriptor=0x1fe01440 readable=yes descriptorCode=0x0 resolvedCode=0x1fe01400 descriptorGp=0x0 oldR1=0x0 newR1=0x0 returnBR=b0 region=efi-table
[EFI-MILESTONE] possible kernel/config filename requested path="\EFI\BOOT\BOOTIA64.EFI" parent=0x1fe01040 mode=0x1 attrs=0x0
[EFI-CALL] service=FileProtocol.Open callerIP=0x30e40 descriptor=0x1fe01440 code=0x1fe01400 gp(r1)=0x0 args=[0x1fe01040,0x5000,0x6000,0x1,0x0,0x0] status=0x800000000000000c (EFI_NO_MEDIA) descriptorName="FileProtocol.Open descriptor" descriptorBytes=00 00 00 00 00 00 00 00 00 00 00 00 00 00 00 00
  ? FileProtocol.Open reports EFI_NO_MEDIA without destabilizing the boot stub path

Testing IA-64 plugin SimpleTextOut OutputString stub...
[IP=0x30e40, Slot=0] br.call b0 = b6
[IA64-DESC] indirect br.call callerIP=0x30e40 srcBR=b6 srcValue=0x1fe01280 target=0x1fe01280 interpretedAs=known-stub-code descriptor=0x1fe012c0 readable=yes descriptorCode=0x0 resolvedCode=0x1fe01280 descriptorGp=0x0 oldR1=0x0 newR1=0x0 returnBR=b0 region=efi-table
[EFI-STUB] SimpleTextOut.OutputString this=0x1fe01200 string=0x6000 "Boot" utf16=0042 006f 006f 0074 0000 consoleMirror=unavailable mirroredToFramebuffer=0xb8000000 -> EFI_SUCCESS
[EFI-CALL] service=SimpleTextOut.OutputString callerIP=0x30e40 descriptor=0x1fe012c0 code=0x1fe01280 gp(r1)=0x0 args=[0x1fe01200,0x6000,0x0,0x0,0x0,0x0] status=0x0 (EFI_SUCCESS) descriptorName="SimpleTextOut.OutputString descriptor" descriptorBytes=00 00 00 00 00 00 00 00 00 00 00 00 00 00 00 00
  ? OutputString returns EFI_SUCCESS for safe console diagnostics

Testing IA-64 plugin AllocatePool firmware stub...
[IP=0xa210, Slot=0] br.call b0 = b6
[IA64-DESC] indirect br.call callerIP=0xa210 srcBR=b6 srcValue=0x1fe00e00 target=0x1fe00e00 interpretedAs=known-stub-code descriptor=0x1fe00e40 readable=yes descriptorCode=0x0 resolvedCode=0x1fe00e00 descriptorGp=0x0 oldR1=0x0 newR1=0x0 returnBR=b0 region=efi-table
[EFI-STUB] BootServices.AllocatePool size=0x30 -> 0x1fe02000 via out=0x5000
[EFI-CALL] service=BootServices.AllocatePool callerIP=0xa210 descriptor=0x1fe00e40 code=0x1fe00e00 gp(r1)=0x0 args=[0x0,0x30,0x5000,0x0,0x0,0x0] status=0x0 (EFI_SUCCESS) descriptorName="AllocatePool descriptor" descriptorBytes=00 00 00 00 00 00 00 00 00 00 00 00 00 00 00 00
  ? AllocatePool writes a zeroed scratch buffer pointer and returns EFI_SUCCESS

Testing IA-64 plugin GetVariable firmware stub...
[IP=0x2ee50, Slot=0] br.call b0 = b6
[IA64-DESC] indirect br.call callerIP=0x2ee50 srcBR=b6 srcValue=0x1fe00d80 target=0x1fe00d80 interpretedAs=known-stub-code descriptor=0x1fe00dc0 readable=yes descriptorCode=0x0 resolvedCode=0x1fe00d80 descriptorGp=0x0 oldR1=0x0 newR1=0x0 returnBR=b0 region=efi-table
[EFI-STUB] RuntimeServices.GetVariable name=0x6000 "NoSuch" guid=0x7000 attrOut=0x9000 sizeOut=0x8000 dataOut=0xa000 -> EFI_NOT_FOUND
[EFI-CALL] service=RuntimeServices.GetVariable callerIP=0x2ee50 descriptor=0x1fe00dc0 code=0x1fe00d80 gp(r1)=0x0 args=[0x6000,0x7000,0x9000,0x8000,0xa000,0x0] status=0x800000000000000e (EFI_NOT_FOUND) descriptorName="GetVariable descriptor" descriptorBytes=00 00 00 00 00 00 00 00 00 00 00 00 00 00 00 00
[IP=0x2ee50, Slot=0] br.call b0 = b6
[IA64-DESC] indirect br.call callerIP=0x2ee50 srcBR=b6 srcValue=0x1fe00d80 target=0x1fe00d80 interpretedAs=known-stub-code descriptor=0x1fe00dc0 readable=yes descriptorCode=0x0 resolvedCode=0x1fe00d80 descriptorGp=0x0 oldR1=0x0 newR1=0x0 returnBR=b0 region=efi-table
[EFI-STUB] RuntimeServices.GetVariable name=0x6000 "BootCurrent" guid=0x7000 attrOut=0x9000 sizeOut=0x8000 dataOut=0xa000 required=0x2 -> EFI_SUCCESS
[EFI-CALL] service=RuntimeServices.GetVariable callerIP=0x2ee50 descriptor=0x1fe00dc0 code=0x1fe00d80 gp(r1)=0x0 args=[0x6000,0x7000,0x9000,0x8000,0xa000,0x0] status=0x0 (EFI_SUCCESS) descriptorName="GetVariable descriptor" descriptorBytes=00 00 00 00 00 00 00 00 00 00 00 00 00 00 00 00
[IP=0x2ee50, Slot=0] br.call b0 = b6
[IA64-DESC] indirect br.call callerIP=0x2ee50 srcBR=b6 srcValue=0x1fe00d80 target=0x1fe00d80 interpretedAs=known-stub-code descriptor=0x1fe00dc0 readable=yes descriptorCode=0x0 resolvedCode=0x1fe00d80 descriptorGp=0x0 oldR1=0x0 newR1=0x0 returnBR=b0 region=efi-table
[EFI-STUB] RuntimeServices.GetVariable name=0x6000 "Boot0000" guid=0x7000 attrOut=0x0 sizeOut=0x8000 dataOut=0x0 required=0x62 -> EFI_BUFFER_TOO_SMALL
[EFI-CALL] service=RuntimeServices.GetVariable callerIP=0x2ee50 descriptor=0x1fe00dc0 code=0x1fe00d80 gp(r1)=0x0 args=[0x6000,0x7000,0x0,0x8000,0x0,0x0] status=0x8000000000000005 (EFI_BUFFER_TOO_SMALL) descriptorName="GetVariable descriptor" descriptorBytes=00 00 00 00 00 00 00 00 00 00 00 00 00 00 00 00
[IP=0x2ee50, Slot=0] br.call b0 = b6
[IA64-DESC] indirect br.call callerIP=0x2ee50 srcBR=b6 srcValue=0x1fe00d80 target=0x1fe00d80 interpretedAs=known-stub-code descriptor=0x1fe00dc0 readable=yes descriptorCode=0x0 resolvedCode=0x1fe00d80 descriptorGp=0x0 oldR1=0x0 newR1=0x0 returnBR=b0 region=efi-table
[EFI-STUB] RuntimeServices.GetVariable name=0x6000 "PlatformLang" guid=0x7000 attrOut=0x9000 sizeOut=0x8000 dataOut=0xa000 required=0x6 -> EFI_SUCCESS
[EFI-CALL] service=RuntimeServices.GetVariable callerIP=0x2ee50 descriptor=0x1fe00dc0 code=0x1fe00d80 gp(r1)=0x0 args=[0x6000,0x7000,0x9000,0x8000,0xa000,0x0] status=0x0 (EFI_SUCCESS) descriptorName="GetVariable descriptor" descriptorBytes=00 00 00 00 00 00 00 00 00 00 00 00 00 00 00 00
[IP=0x1b00, Slot=0] br.call b0 = b6
[IA64-DESC] indirect br.call callerIP=0x1b00 srcBR=b6 srcValue=0x1fe00d80 target=0x1fe00d80 interpretedAs=known-stub-code descriptor=0x1fe00dc0 readable=yes descriptorCode=0x0 resolvedCode=0x1fe00d80 descriptorGp=0x0 oldR1=0x0 newR1=0x0 returnBR=b0 region=efi-table
[EFI-STUB] RuntimeServices.GetVariable name=0x6000 "P" guid=0x7000 attrOut=0x0 sizeOut=0x8000 dataOut=0xa000 required=0x6 -> EFI_BUFFER_TOO_SMALL
[EFI-CALL] service=RuntimeServices.GetVariable callerIP=0x1b00 descriptor=0x1fe00dc0 code=0x1fe00d80 gp(r1)=0x0 args=[0x6000,0x7000,0x0,0x8000,0xa000,0x0] status=0x8000000000000005 (EFI_BUFFER_TOO_SMALL) descriptorName="GetVariable descriptor" descriptorBytes=00 00 00 00 00 00 00 00 00 00 00 00 00 00 00 00
  ? GetVariable handles unknown variables, boot variables, and language probes

Testing IA-64 plugin top-level EFI return handling...
[IP=0x1070, Slot=0] br.ret b0
[EFI-STUB] top-level br.ret b0 reached zero return address; halting EFI app
[EFI-MILESTONE] EFI app returned before kernel handoff; ConsoleOut.OutputString calls=0, mirroredToVmConsole=0, mirroredToFramebuffer=0, SimpleFS.OpenVolume calls=0, SimpleFS.HandleProtocol returns=0, genericSuccessServices=0, genericUnsupportedServices=0, zeroGuidHandleProtocolCalls=0, HandleProtocol=0, LocateHandle=0, LocateProtocol=0, GetMemoryMap=0, ExitBootServices=0, AllocatePool=0, FreePool=0, LoadImage=0, StartImage=0, File.Open=0, File.Read=0, File.GetInfo=0, File.Close=0, File.SetPosition=0, File.GetPosition=0, totalFileBytesRead=0x0, descriptorCalls=0, gpSwitches=0, suspiciousGP=0, unknownRegionCalls=0, recoveredLoadStores=0. Missing next milestone: kernel handoff; if OpenVolume remains 0, the loader is returning before firmware file/block I/O begins; if SimpleFS.HandleProtocol is nonzero while OpenVolume is zero, the fork is after protocol lookup and before volume open, usually LoadedImage FilePath/LoadOptions or device-path parsing; if zeroGuidHandleProtocolCalls is nonzero, protocol GUID data/addressing is suspect before device-path/file I/O.
  ? br.ret b0 with zero return address halts cleanly

Testing IA-64 plugin out-of-bounds load recovery...
[IP=0x1000, Slot=0] ld8 r14 = [r8], 8
  ? failed ld8 clears the stale destination and contains post-increment base state

Testing IA-64 plugin out-of-bounds probe load base recovery...
[IP=0x2000, Slot=0] ld4 r15 = [r14]
  ? failed probe load clears both destination and invalid base pointer

Testing IA-64 plugin indirect self-call execution...
[IP=0x1a50, Slot=0] br.call b0 = b0
[IA64-DESC] indirect br.call callerIP=0x1a50 srcBR=b0 srcValue=0x2400 target=0x2400 interpretedAs=invalid descriptor=0x2400 readable=no descriptorCode=0x0 resolvedCode=0x2400 descriptorGp=0x0 oldR1=0x0 newR1=0x0 returnBR=b0 region=image-or-guest
  ? plugin br.call b0 = b0 branches through old b0 and links return

Testing IA-64 CPU wrapper delegates state to plugin...
  ? CPU wrapper register/IP access reaches plugin state

Testing IA-64 memory post-increment execution...
  ? ld/st immediate forms update the base register after access

Testing IA-64 M-unit boot load/store decode...
  ? boot M-unit rows distinguish normal stores, normal loads, and immediate-update loads

Testing IA-64 I-unit extend decode...
  ? extend opcodes decode as SXT4 and ZXT4 instead of UNKNOWN

Testing state dump...
  ? State dump:
IA-64 CPU State:
  IP: 0x5678
  CFM: 0x0
  RSE: rsc=0x0 bsp=0x0 bspstore=0x0 rnat=0x0 pfs=0x0
  PSR: 0x0
  General Registers:
    GR0: 0x0
    GR1: 0x1234
    GR2: 0x0
    GR3: 0x0
    GR4: 0x0
    GR5: 0x0
    GR6: 0x0
    GR7: 0x0
  Bundle State:
    Slot: 0
    Valid: no
  Interrupts:
    Pending: 0
    Vector Base: 0x0


Testing shared memory across ISAs...
  ? Memory is shared across ISAs
    Wrote: 0xdeadbeefcafebabe
    Read:  0xdeadbeefcafebabe

=== All tests passed! ===
