[2026-06-27T20:10:48] native stdout logging started
Log file: D:\dev\guideXOS_Emulator\cmake-build-vs18\bin\Debug\logs\native-20260627-201048.log
[IP=0x1000, Slot=0] br.cond 0x2000
[IP=0x1000, Slot=0] br.cond 0x2000
  ? False-predicated branch falls through; true predicate branches

Testing IA-64 counted loop branch execution...
[IP=0x1000, Slot=0] br.cloop 0x1000
[IP=0x1000, Slot=0] br.cloop 0x1000
  ? br.cloop decrements ar.lc and falls through at zero

Testing IA-64 call-decoded counted loop execution...
[IP=0x1000, Slot=0] br.call b5 = 0xfe0
[IP=0x1000, Slot=0] br.call b5 = 0xfe0
[IP=0x1000, Slot=0] br.call b5 = 0x1000
[IP=0x1000, Slot=0] br.call b5 = 0x1000
  ? backward/self br.call b5 uses ar.lc and does not link

Testing IA-64 branch predicate visibility across instruction groups...
[IP=0x1000, Slot=0] cmp.eq p1, p2 = r0, r0
[IP=0x1000, Slot=1] br.cond 0x2000
[IP=0x1000, Slot=0] cmp.eq p1, p2 = r0, r0
[IP=0x1000, Slot=1] br.cond 0x2000
  ? Same-group predicate write is visible to branches with or without a stop

Testing IA-64 non-branch predicate visibility across instruction groups...
[IP=0x1000, Slot=0] cmp.eq p1, p2 = r0, r0
[IP=0x1000, Slot=1] st8 [r10] = r11
[IP=0x1000, Slot=0] cmp.eq p1, p2 = r0, r0
[IP=0x1000, Slot=1] st8 [r10] = r11
  ? Same-group predicate write is deferred for stores; stop makes it visible

Testing IA-64 add imm22 decode...
  ? add imm22 raw boot slot decodes and executes

Testing IA-64 addl imm22 source decode...
  ? addl imm22 uses 2-bit r3 field instead of immediate bits

Testing IA-64 plugin indirect br.call through b0 transfers to the target bundle...
[IP=0x1000, Slot=0] br.call b4 = b0
[IA64-DESC] indirect br.call callerIP=0x1000 srcBR=b0 srcValue=0x2408 target=0x2408 interpretedAs=invalid descriptor=0x2408 readable=no descriptorCode=0x0 resolvedCode=0x2408 descriptorGp=0x0 oldR1=0x0 newR1=0x0 returnBR=b4 region=image-or-guest
[IP=0x2400, Slot=0] mov r8 = 0x1122334455667788
  ? br.call b4 = b0 reaches the target bundle and does not fall through

Testing IA-64 return branch decode...
  ? raw boot return branch decodes as br.ret b0

Testing IA-64 indirect call decode...
  ? raw boot indirect service call decodes through b6 and links b0

Testing IA-64 hinted indirect self-call decode...
  ? raw boot hinted br.call b0 = b0 decodes as call, not cond

Testing IA-64 nop decode variants...
  ? raw boot NOP slot decodes on I and B units

Testing IA-64 move from branch register decode...
  ? raw boot branch-register move decodes as mov r62 = b0

Testing IA-64 move to application register decode...
